mode: set
sigs.k8s.io/node-feature-discovery/cmd/nfd-topology-gc/main.go:36.13,43.19 4 0
sigs.k8s.io/node-feature-discovery/cmd/nfd-topology-gc/main.go:43.19,46.3 2 0
sigs.k8s.io/node-feature-discovery/cmd/nfd-topology-gc/main.go:49.2,49.25 1 0
sigs.k8s.io/node-feature-discovery/cmd/nfd-topology-gc/main.go:49.25,51.3 1 0
sigs.k8s.io/node-feature-discovery/cmd/nfd-topology-gc/main.go:54.2,55.16 2 0
sigs.k8s.io/node-feature-discovery/cmd/nfd-topology-gc/main.go:55.16,57.3 1 0
sigs.k8s.io/node-feature-discovery/cmd/nfd-topology-gc/main.go:59.2,59.32 1 0
sigs.k8s.io/node-feature-discovery/cmd/nfd-topology-gc/main.go:59.32,61.3 1 0
sigs.k8s.io/node-feature-discovery/cmd/nfd-topology-gc/main.go:64.89,68.27 3 1
sigs.k8s.io/node-feature-discovery/cmd/nfd-topology-gc/main.go:68.27,72.3 3 0
sigs.k8s.io/node-feature-discovery/cmd/nfd-topology-gc/main.go:74.2,74.13 1 1
sigs.k8s.io/node-feature-discovery/cmd/nfd-topology-gc/main.go:77.73,88.2 5 1
sigs.k8s.io/node-feature-discovery/cmd/nfd-topology-updater/main.go:43.13,50.19 4 0
sigs.k8s.io/node-feature-discovery/cmd/nfd-topology-updater/main.go:50.19,53.3 2 0
sigs.k8s.io/node-feature-discovery/cmd/nfd-topology-updater/main.go:56.2,56.25 1 0
sigs.k8s.io/node-feature-discovery/cmd/nfd-topology-updater/main.go:56.25,58.3 1 0
sigs.k8s.io/node-feature-discovery/cmd/nfd-topology-updater/main.go:61.2,64.16 3 0
sigs.k8s.io/node-feature-discovery/cmd/nfd-topology-updater/main.go:64.16,66.3 1 0
sigs.k8s.io/node-feature-discovery/cmd/nfd-topology-updater/main.go:69.2,70.18 2 0
sigs.k8s.io/node-feature-discovery/cmd/nfd-topology-updater/main.go:71.14,73.17 2 0
sigs.k8s.io/node-feature-discovery/cmd/nfd-topology-updater/main.go:73.17,75.4 1 0
sigs.k8s.io/node-feature-discovery/cmd/nfd-topology-updater/main.go:76.15,78.17 2 0
sigs.k8s.io/node-feature-discovery/cmd/nfd-topology-updater/main.go:78.17,80.4 1 0
sigs.k8s.io/node-feature-discovery/cmd/nfd-topology-updater/main.go:82.3,83.17 2 0
sigs.k8s.io/node-feature-discovery/cmd/nfd-topology-updater/main.go:83.17,85.4 1 0
sigs.k8s.io/node-feature-discovery/cmd/nfd-topology-updater/main.go:86.10,87.53 1 0
sigs.k8s.io/node-feature-discovery/cmd/nfd-topology-updater/main.go:91.2,93.38 2 0
sigs.k8s.io/node-feature-discovery/cmd/nfd-topology-updater/main.go:93.38,95.3 1 0
sigs.k8s.io/node-feature-discovery/cmd/nfd-topology-updater/main.go:98.95,102.27 3 1
sigs.k8s.io/node-feature-discovery/cmd/nfd-topology-updater/main.go:102.27,106.3 3 0
sigs.k8s.io/node-feature-discovery/cmd/nfd-topology-updater/main.go:108.2,108.52 1 1
sigs.k8s.io/node-feature-discovery/cmd/nfd-topology-updater/main.go:108.52,109.33 1 0
sigs.k8s.io/node-feature-discovery/cmd/nfd-topology-updater/main.go:109.33,113.4 2 0
sigs.k8s.io/node-feature-discovery/cmd/nfd-topology-updater/main.go:114.3,114.115 1 0
sigs.k8s.io/node-feature-discovery/cmd/nfd-topology-updater/main.go:117.2,117.34 1 1
sigs.k8s.io/node-feature-discovery/cmd/nfd-topology-updater/main.go:120.79,147.2 14 1
sigs.k8s.io/node-feature-discovery/pkg/apis/nfd/v1alpha1/expression.go:48.84,51.2 2 1
sigs.k8s.io/node-feature-discovery/pkg/apis/nfd/v1alpha1/expression.go:55.79,57.16 2 1
sigs.k8s.io/node-feature-discovery/pkg/apis/nfd/v1alpha1/expression.go:57.16,58.13 1 0
sigs.k8s.io/node-feature-discovery/pkg/apis/nfd/v1alpha1/expression.go:60.2,60.10 1 1
sigs.k8s.io/node-feature-discovery/pkg/apis/nfd/v1alpha1/expression.go:64.72,69.2 1 1
sigs.k8s.io/node-feature-discovery/pkg/apis/nfd/v1alpha1/expression.go:72.44,75.34 2 1
sigs.k8s.io/node-feature-discovery/pkg/apis/nfd/v1alpha1/expression.go:75.34,77.3 1 0
sigs.k8s.io/node-feature-discovery/pkg/apis/nfd/v1alpha1/expression.go:78.2,78.14 1 1
sigs.k8s.io/node-feature-discovery/pkg/apis/nfd/v1alpha1/expression.go:79.75,80.24 1 1
sigs.k8s.io/node-feature-discovery/pkg/apis/nfd/v1alpha1/expression.go:80.24,82.4 1 1
sigs.k8s.io/node-feature-discovery/pkg/apis/nfd/v1alpha1/expression.go:83.24,84.24 1 1
sigs.k8s.io/node-feature-discovery/pkg/apis/nfd/v1alpha1/expression.go:84.24,86.4 1 1
sigs.k8s.io/node-feature-discovery/pkg/apis/nfd/v1alpha1/expression.go:87.3,87.53 1 1
sigs.k8s.io/node-feature-discovery/pkg/apis/nfd/v1alpha1/expression.go:87.53,89.4 1 1
sigs.k8s.io/node-feature-discovery/pkg/apis/nfd/v1alpha1/expression.go:90.17,91.24 1 1
sigs.k8s.io/node-feature-discovery/pkg/apis/nfd/v1alpha1/expression.go:91.24,93.4 1 1
sigs.k8s.io/node-feature-discovery/pkg/apis/nfd/v1alpha1/expression.go:94.3,96.26 3 1
sigs.k8s.io/node-feature-discovery/pkg/apis/nfd/v1alpha1/expression.go:96.26,97.56 1 1
sigs.k8s.io/node-feature-discovery/pkg/apis/nfd/v1alpha1/expression.go:97.56,99.5 1 1
sigs.k8s.io/node-feature-discovery/pkg/apis/nfd/v1alpha1/expression.go:101.3,101.19 1 1
sigs.k8s.io/node-feature-discovery/pkg/apis/nfd/v1alpha1/expression.go:101.19,103.4 1 1
sigs.k8s.io/node-feature-discovery/pkg/apis/nfd/v1alpha1/expression.go:104.21,105.24 1 1
sigs.k8s.io/node-feature-discovery/pkg/apis/nfd/v1alpha1/expression.go:105.24,107.4 1 1
sigs.k8s.io/node-feature-discovery/pkg/apis/nfd/v1alpha1/expression.go:108.3,109.29 2 1
sigs.k8s.io/node-feature-discovery/pkg/apis/nfd/v1alpha1/expression.go:109.29,111.18 2 1
sigs.k8s.io/node-feature-discovery/pkg/apis/nfd/v1alpha1/expression.go:111.18,113.5 1 1
sigs.k8s.io/node-feature-discovery/pkg/apis/nfd/v1alpha1/expression.go:114.4,114.21 1 1
sigs.k8s.io/node-feature-discovery/pkg/apis/nfd/v1alpha1/expression.go:116.10,117.24 1 1
sigs.k8s.io/node-feature-discovery/pkg/apis/nfd/v1alpha1/expression.go:117.24,119.4 1 1
sigs.k8s.io/node-feature-discovery/pkg/apis/nfd/v1alpha1/expression.go:121.2,121.12 1 1
sigs.k8s.io/node-feature-discovery/pkg/apis/nfd/v1alpha1/expression.go:125.78,126.14 1 1
sigs.k8s.io/node-feature-discovery/pkg/apis/nfd/v1alpha1/expression.go:127.16,128.19 1 1
sigs.k8s.io/node-feature-discovery/pkg/apis/nfd/v1alpha1/expression.go:129.19,130.20 1 1
sigs.k8s.io/node-feature-discovery/pkg/apis/nfd/v1alpha1/expression.go:131.25,132.21 1 1
sigs.k8s.io/node-feature-discovery/pkg/apis/nfd/v1alpha1/expression.go:135.2,135.11 1 1
sigs.k8s.io/node-feature-discovery/pkg/apis/nfd/v1alpha1/expression.go:135.11,137.15 2 1
sigs.k8s.io/node-feature-discovery/pkg/apis/nfd/v1alpha1/expression.go:138.16,139.30 1 1
sigs.k8s.io/node-feature-discovery/pkg/apis/nfd/v1alpha1/expression.go:139.30,140.19 1 1
sigs.k8s.io/node-feature-discovery/pkg/apis/nfd/v1alpha1/expression.go:140.19,142.6 1 1
sigs.k8s.io/node-feature-discovery/pkg/apis/nfd/v1alpha1/expression.go:144.19,145.30 1 1
sigs.k8s.io/node-feature-discovery/pkg/apis/nfd/v1alpha1/expression.go:145.30,146.19 1 1
sigs.k8s.io/node-feature-discovery/pkg/apis/nfd/v1alpha1/expression.go:146.19,148.6 1 1
sigs.k8s.io/node-feature-discovery/pkg/apis/nfd/v1alpha1/expression.go:150.4,150.20 1 1
sigs.k8s.io/node-feature-discovery/pkg/apis/nfd/v1alpha1/expression.go:151.22,152.24 1 1
sigs.k8s.io/node-feature-discovery/pkg/apis/nfd/v1alpha1/expression.go:152.24,154.5 1 0
sigs.k8s.io/node-feature-discovery/pkg/apis/nfd/v1alpha1/expression.go:155.4,155.33 1 1
sigs.k8s.io/node-feature-discovery/pkg/apis/nfd/v1alpha1/expression.go:155.33,156.30 1 1
sigs.k8s.io/node-feature-discovery/pkg/apis/nfd/v1alpha1/expression.go:156.30,158.6 1 1
sigs.k8s.io/node-feature-discovery/pkg/apis/nfd/v1alpha1/expression.go:160.25,162.18 2 1
sigs.k8s.io/node-feature-discovery/pkg/apis/nfd/v1alpha1/expression.go:162.18,164.5 1 1
sigs.k8s.io/node-feature-discovery/pkg/apis/nfd/v1alpha1/expression.go:165.4,166.18 2 1
sigs.k8s.io/node-feature-discovery/pkg/apis/nfd/v1alpha1/expression.go:166.18,168.5 1 1
sigs.k8s.io/node-feature-discovery/pkg/apis/nfd/v1alpha1/expression.go:170.4,170.64 1 1
sigs.k8s.io/node-feature-discovery/pkg/apis/nfd/v1alpha1/expression.go:170.64,172.5 1 1
sigs.k8s.io/node-feature-discovery/pkg/apis/nfd/v1alpha1/expression.go:173.18,175.18 2 1
sigs.k8s.io/node-feature-discovery/pkg/apis/nfd/v1alpha1/expression.go:175.18,177.5 1 1
sigs.k8s.io/node-feature-discovery/pkg/apis/nfd/v1alpha1/expression.go:178.4,179.27 2 1
sigs.k8s.io/node-feature-discovery/pkg/apis/nfd/v1alpha1/expression.go:179.27,181.19 2 1
sigs.k8s.io/node-feature-discovery/pkg/apis/nfd/v1alpha1/expression.go:181.19,183.6 1 1
sigs.k8s.io/node-feature-discovery/pkg/apis/nfd/v1alpha1/expression.go:185.4,185.38 1 1
sigs.k8s.io/node-feature-discovery/pkg/apis/nfd/v1alpha1/expression.go:186.20,187.31 1 1
sigs.k8s.io/node-feature-discovery/pkg/apis/nfd/v1alpha1/expression.go:188.21,189.32 1 1
sigs.k8s.io/node-feature-discovery/pkg/apis/nfd/v1alpha1/expression.go:190.11,191.55 1 1
sigs.k8s.io/node-feature-discovery/pkg/apis/nfd/v1alpha1/expression.go:194.2,194.19 1 1
sigs.k8s.io/node-feature-discovery/pkg/apis/nfd/v1alpha1/expression.go:198.85,202.14 3 1
sigs.k8s.io/node-feature-discovery/pkg/apis/nfd/v1alpha1/expression.go:203.16,204.17 1 1
sigs.k8s.io/node-feature-discovery/pkg/apis/nfd/v1alpha1/expression.go:205.19,206.15 1 1
sigs.k8s.io/node-feature-discovery/pkg/apis/nfd/v1alpha1/expression.go:207.25,208.16 1 1
sigs.k8s.io/node-feature-discovery/pkg/apis/nfd/v1alpha1/expression.go:209.10,210.69 1 1
sigs.k8s.io/node-feature-discovery/pkg/apis/nfd/v1alpha1/expression.go:213.2,213.25 1 1
sigs.k8s.io/node-feature-discovery/pkg/apis/nfd/v1alpha1/expression.go:213.25,216.23 3 0
sigs.k8s.io/node-feature-discovery/pkg/apis/nfd/v1alpha1/expression.go:216.23,218.4 1 0
sigs.k8s.io/node-feature-discovery/pkg/apis/nfd/v1alpha1/expression.go:219.3,220.44 2 0
sigs.k8s.io/node-feature-discovery/pkg/apis/nfd/v1alpha1/expression.go:220.44,222.4 1 0
sigs.k8s.io/node-feature-discovery/pkg/apis/nfd/v1alpha1/expression.go:222.9,224.4 1 0
sigs.k8s.io/node-feature-discovery/pkg/apis/nfd/v1alpha1/expression.go:226.2,226.21 1 1
sigs.k8s.io/node-feature-discovery/pkg/apis/nfd/v1alpha1/expression.go:230.92,233.16 3 1
sigs.k8s.io/node-feature-discovery/pkg/apis/nfd/v1alpha1/expression.go:233.16,235.3 1 1
sigs.k8s.io/node-feature-discovery/pkg/apis/nfd/v1alpha1/expression.go:237.2,237.25 1 1
sigs.k8s.io/node-feature-discovery/pkg/apis/nfd/v1alpha1/expression.go:237.25,241.25 3 0
sigs.k8s.io/node-feature-discovery/pkg/apis/nfd/v1alpha1/expression.go:241.25,243.4 1 0
sigs.k8s.io/node-feature-discovery/pkg/apis/nfd/v1alpha1/expression.go:244.3,247.26 3 0
sigs.k8s.io/node-feature-discovery/pkg/apis/nfd/v1alpha1/expression.go:247.26,249.4 1 0
sigs.k8s.io/node-feature-discovery/pkg/apis/nfd/v1alpha1/expression.go:251.3,251.46 1 0
sigs.k8s.io/node-feature-discovery/pkg/apis/nfd/v1alpha1/expression.go:251.46,253.4 1 0
sigs.k8s.io/node-feature-discovery/pkg/apis/nfd/v1alpha1/expression.go:253.9,255.4 1 0
sigs.k8s.io/node-feature-discovery/pkg/apis/nfd/v1alpha1/expression.go:258.2,258.21 1 1
sigs.k8s.io/node-feature-discovery/pkg/apis/nfd/v1alpha1/expression.go:265.60,269.16 3 1
sigs.k8s.io/node-feature-discovery/pkg/apis/nfd/v1alpha1/expression.go:269.16,271.3 1 0
sigs.k8s.io/node-feature-discovery/pkg/apis/nfd/v1alpha1/expression.go:273.2,273.28 1 1
sigs.k8s.io/node-feature-discovery/pkg/apis/nfd/v1alpha1/expression.go:274.14,275.39 1 0
sigs.k8s.io/node-feature-discovery/pkg/apis/nfd/v1alpha1/expression.go:276.12,277.59 1 0
sigs.k8s.io/node-feature-discovery/pkg/apis/nfd/v1alpha1/expression.go:278.15,279.73 1 0
sigs.k8s.io/node-feature-discovery/pkg/apis/nfd/v1alpha1/expression.go:280.21,282.27 2 0
sigs.k8s.io/node-feature-discovery/pkg/apis/nfd/v1alpha1/expression.go:282.27,284.11 2 0
sigs.k8s.io/node-feature-discovery/pkg/apis/nfd/v1alpha1/expression.go:284.11,286.5 1 0
sigs.k8s.io/node-feature-discovery/pkg/apis/nfd/v1alpha1/expression.go:287.4,287.19 1 0
sigs.k8s.io/node-feature-discovery/pkg/apis/nfd/v1alpha1/expression.go:289.3,289.47 1 0
sigs.k8s.io/node-feature-discovery/pkg/apis/nfd/v1alpha1/expression.go:290.30,292.55 2 1
sigs.k8s.io/node-feature-discovery/pkg/apis/nfd/v1alpha1/expression.go:292.55,294.4 1 0
sigs.k8s.io/node-feature-discovery/pkg/apis/nfd/v1alpha1/expression.go:295.3,295.55 1 1
sigs.k8s.io/node-feature-discovery/pkg/apis/nfd/v1alpha1/expression.go:296.10,297.52 1 0
sigs.k8s.io/node-feature-discovery/pkg/apis/nfd/v1alpha1/expression.go:300.2,300.21 1 1
sigs.k8s.io/node-feature-discovery/pkg/apis/nfd/v1alpha1/expression.go:304.75,307.2 2 1
sigs.k8s.io/node-feature-discovery/pkg/apis/nfd/v1alpha1/expression.go:319.92,322.23 2 1
sigs.k8s.io/node-feature-discovery/pkg/apis/nfd/v1alpha1/expression.go:322.23,324.17 2 1
sigs.k8s.io/node-feature-discovery/pkg/apis/nfd/v1alpha1/expression.go:324.17,326.4 1 1
sigs.k8s.io/node-feature-discovery/pkg/apis/nfd/v1alpha1/expression.go:327.3,327.13 1 1
sigs.k8s.io/node-feature-discovery/pkg/apis/nfd/v1alpha1/expression.go:327.13,329.4 1 1
sigs.k8s.io/node-feature-discovery/pkg/apis/nfd/v1alpha1/expression.go:330.3,330.41 1 1
sigs.k8s.io/node-feature-discovery/pkg/apis/nfd/v1alpha1/expression.go:333.2,333.38 1 1
sigs.k8s.io/node-feature-discovery/pkg/apis/nfd/v1alpha1/expression.go:333.38,333.74 1 1
sigs.k8s.io/node-feature-discovery/pkg/apis/nfd/v1alpha1/expression.go:334.2,334.23 1 1
sigs.k8s.io/node-feature-discovery/pkg/apis/nfd/v1alpha1/expression.go:338.82,341.2 2 1
sigs.k8s.io/node-feature-discovery/pkg/apis/nfd/v1alpha1/expression.go:354.101,357.23 2 1
sigs.k8s.io/node-feature-discovery/pkg/apis/nfd/v1alpha1/expression.go:357.23,359.17 2 1
sigs.k8s.io/node-feature-discovery/pkg/apis/nfd/v1alpha1/expression.go:359.17,361.4 1 1
sigs.k8s.io/node-feature-discovery/pkg/apis/nfd/v1alpha1/expression.go:362.3,362.13 1 1
sigs.k8s.io/node-feature-discovery/pkg/apis/nfd/v1alpha1/expression.go:362.13,364.4 1 1
sigs.k8s.io/node-feature-discovery/pkg/apis/nfd/v1alpha1/expression.go:365.3,365.61 1 1
sigs.k8s.io/node-feature-discovery/pkg/apis/nfd/v1alpha1/expression.go:368.2,368.38 1 1
sigs.k8s.io/node-feature-discovery/pkg/apis/nfd/v1alpha1/expression.go:368.38,368.74 1 1
sigs.k8s.io/node-feature-discovery/pkg/apis/nfd/v1alpha1/expression.go:369.2,369.23 1 1
sigs.k8s.io/node-feature-discovery/pkg/apis/nfd/v1alpha1/expression.go:375.88,378.2 2 1
sigs.k8s.io/node-feature-discovery/pkg/apis/nfd/v1alpha1/expression.go:387.104,390.30 2 1
sigs.k8s.io/node-feature-discovery/pkg/apis/nfd/v1alpha1/expression.go:390.30,391.60 1 1
sigs.k8s.io/node-feature-discovery/pkg/apis/nfd/v1alpha1/expression.go:391.60,393.4 1 1
sigs.k8s.io/node-feature-discovery/pkg/apis/nfd/v1alpha1/expression.go:393.9,393.19 1 1
sigs.k8s.io/node-feature-discovery/pkg/apis/nfd/v1alpha1/expression.go:393.19,395.4 1 1
sigs.k8s.io/node-feature-discovery/pkg/apis/nfd/v1alpha1/expression.go:397.2,397.17 1 1
sigs.k8s.io/node-feature-discovery/pkg/apis/nfd/v1alpha1/expression.go:401.63,405.53 3 1
sigs.k8s.io/node-feature-discovery/pkg/apis/nfd/v1alpha1/expression.go:405.53,407.30 1 0
sigs.k8s.io/node-feature-discovery/pkg/apis/nfd/v1alpha1/expression.go:407.30,409.23 2 0
sigs.k8s.io/node-feature-discovery/pkg/apis/nfd/v1alpha1/expression.go:409.23,411.5 1 0
sigs.k8s.io/node-feature-discovery/pkg/apis/nfd/v1alpha1/expression.go:411.10,413.5 1 0
sigs.k8s.io/node-feature-discovery/pkg/apis/nfd/v1alpha1/expression.go:415.8,418.60 2 1
sigs.k8s.io/node-feature-discovery/pkg/apis/nfd/v1alpha1/expression.go:418.60,420.4 1 0
sigs.k8s.io/node-feature-discovery/pkg/apis/nfd/v1alpha1/expression.go:421.3,421.33 1 1
sigs.k8s.io/node-feature-discovery/pkg/apis/nfd/v1alpha1/expression.go:421.33,422.16 1 1
sigs.k8s.io/node-feature-discovery/pkg/apis/nfd/v1alpha1/expression.go:422.16,424.5 1 1
sigs.k8s.io/node-feature-discovery/pkg/apis/nfd/v1alpha1/expression.go:424.10,426.5 1 0
sigs.k8s.io/node-feature-discovery/pkg/apis/nfd/v1alpha1/expression.go:430.2,430.12 1 1
sigs.k8s.io/node-feature-discovery/pkg/apis/nfd/v1alpha1/expression.go:434.52,437.51 2 1
sigs.k8s.io/node-feature-discovery/pkg/apis/nfd/v1alpha1/expression.go:437.51,439.3 1 0
sigs.k8s.io/node-feature-discovery/pkg/apis/nfd/v1alpha1/expression.go:441.2,441.42 1 1
sigs.k8s.io/node-feature-discovery/pkg/apis/nfd/v1alpha1/expression.go:441.42,443.3 1 0
sigs.k8s.io/node-feature-discovery/pkg/apis/nfd/v1alpha1/expression.go:444.2,445.12 2 1
sigs.k8s.io/node-feature-discovery/pkg/apis/nfd/v1alpha1/expression.go:449.55,452.51 2 1
sigs.k8s.io/node-feature-discovery/pkg/apis/nfd/v1alpha1/expression.go:452.51,454.3 1 0
sigs.k8s.io/node-feature-discovery/pkg/apis/nfd/v1alpha1/expression.go:456.2,456.25 1 1
sigs.k8s.io/node-feature-discovery/pkg/apis/nfd/v1alpha1/expression.go:457.14,458.19 1 0
sigs.k8s.io/node-feature-discovery/pkg/apis/nfd/v1alpha1/expression.go:459.12,460.39 1 0
sigs.k8s.io/node-feature-discovery/pkg/apis/nfd/v1alpha1/expression.go:461.15,462.53 1 0
sigs.k8s.io/node-feature-discovery/pkg/apis/nfd/v1alpha1/expression.go:463.21,465.27 2 1
sigs.k8s.io/node-feature-discovery/pkg/apis/nfd/v1alpha1/expression.go:465.27,467.11 2 1
sigs.k8s.io/node-feature-discovery/pkg/apis/nfd/v1alpha1/expression.go:467.11,469.5 1 0
sigs.k8s.io/node-feature-discovery/pkg/apis/nfd/v1alpha1/expression.go:470.4,470.19 1 1
sigs.k8s.io/node-feature-discovery/pkg/apis/nfd/v1alpha1/expression.go:472.3,472.14 1 1
sigs.k8s.io/node-feature-discovery/pkg/apis/nfd/v1alpha1/expression.go:473.10,474.54 1 0
sigs.k8s.io/node-feature-discovery/pkg/apis/nfd/v1alpha1/expression.go:477.2,477.12 1 1
sigs.k8s.io/node-feature-discovery/pkg/apis/nfd/v1alpha1/expression.go:481.58,482.15 1 0
sigs.k8s.io/node-feature-discovery/pkg/apis/nfd/v1alpha1/expression.go:482.15,484.3 1 0
sigs.k8s.io/node-feature-discovery/pkg/apis/nfd/v1alpha1/expression.go:485.2,487.12 3 0
sigs.k8s.io/node-feature-discovery/pkg/apis/nfd/v1alpha1/expression.go:493.65,495.25 2 1
sigs.k8s.io/node-feature-discovery/pkg/apis/nfd/v1alpha1/expression.go:495.25,497.3 1 0
sigs.k8s.io/node-feature-discovery/pkg/apis/nfd/v1alpha1/feature.go:21.30,26.2 1 1
sigs.k8s.io/node-feature-discovery/pkg/apis/nfd/v1alpha1/feature.go:29.53,31.25 2 1
sigs.k8s.io/node-feature-discovery/pkg/apis/nfd/v1alpha1/feature.go:31.25,33.3 1 0
sigs.k8s.io/node-feature-discovery/pkg/apis/nfd/v1alpha1/feature.go:34.2,34.36 1 1
sigs.k8s.io/node-feature-discovery/pkg/apis/nfd/v1alpha1/feature.go:38.73,39.19 1 1
sigs.k8s.io/node-feature-discovery/pkg/apis/nfd/v1alpha1/feature.go:39.19,41.3 1 1
sigs.k8s.io/node-feature-discovery/pkg/apis/nfd/v1alpha1/feature.go:42.2,42.46 1 1
sigs.k8s.io/node-feature-discovery/pkg/apis/nfd/v1alpha1/feature.go:46.74,48.2 1 1
sigs.k8s.io/node-feature-discovery/pkg/apis/nfd/v1alpha1/feature.go:51.67,52.18 1 1
sigs.k8s.io/node-feature-discovery/pkg/apis/nfd/v1alpha1/feature.go:52.18,54.3 1 0
sigs.k8s.io/node-feature-discovery/pkg/apis/nfd/v1alpha1/feature.go:55.2,55.44 1 1
sigs.k8s.io/node-feature-discovery/pkg/apis/nfd/v1alpha1/feature.go:59.94,61.37 2 0
sigs.k8s.io/node-feature-discovery/pkg/apis/nfd/v1alpha1/feature.go:61.37,64.3 2 0
sigs.k8s.io/node-feature-discovery/pkg/apis/nfd/v1alpha1/feature.go:66.2,66.27 1 0
sigs.k8s.io/node-feature-discovery/pkg/apis/nfd/v1alpha1/feature.go:66.27,68.3 1 0
sigs.k8s.io/node-feature-discovery/pkg/apis/nfd/v1alpha1/feature.go:73.47,74.32 1 0
sigs.k8s.io/node-feature-discovery/pkg/apis/nfd/v1alpha1/feature.go:74.32,76.3 1 0
sigs.k8s.io/node-feature-discovery/pkg/apis/nfd/v1alpha1/feature.go:77.2,77.37 1 0
sigs.k8s.io/node-feature-discovery/pkg/apis/nfd/v1alpha1/feature.go:77.37,79.3 1 0
sigs.k8s.io/node-feature-discovery/pkg/apis/nfd/v1alpha1/feature.go:80.2,80.36 1 0
sigs.k8s.io/node-feature-discovery/pkg/apis/nfd/v1alpha1/feature.go:80.36,82.3 1 0
sigs.k8s.io/node-feature-discovery/pkg/apis/nfd/v1alpha1/feature.go:83.2,83.11 1 0
sigs.k8s.io/node-feature-discovery/pkg/apis/nfd/v1alpha1/feature.go:88.60,90.22 2 0
sigs.k8s.io/node-feature-discovery/pkg/apis/nfd/v1alpha1/feature.go:90.22,91.24 1 0
sigs.k8s.io/node-feature-discovery/pkg/apis/nfd/v1alpha1/feature.go:91.24,93.4 1 0
sigs.k8s.io/node-feature-discovery/pkg/apis/nfd/v1alpha1/feature.go:94.3,94.35 1 0
sigs.k8s.io/node-feature-discovery/pkg/apis/nfd/v1alpha1/feature.go:94.35,96.4 1 0
sigs.k8s.io/node-feature-discovery/pkg/apis/nfd/v1alpha1/feature.go:103.46,104.21 1 0
sigs.k8s.io/node-feature-discovery/pkg/apis/nfd/v1alpha1/feature.go:104.21,105.23 1 0
sigs.k8s.io/node-feature-discovery/pkg/apis/nfd/v1alpha1/feature.go:105.23,107.4 1 0
sigs.k8s.io/node-feature-discovery/pkg/apis/nfd/v1alpha1/feature.go:108.3,108.34 1 0
sigs.k8s.io/node-feature-discovery/pkg/apis/nfd/v1alpha1/feature.go:108.34,112.4 3 0
sigs.k8s.io/node-feature-discovery/pkg/apis/nfd/v1alpha1/feature.go:114.2,114.26 1 0
sigs.k8s.io/node-feature-discovery/pkg/apis/nfd/v1alpha1/feature.go:114.26,115.28 1 0
sigs.k8s.io/node-feature-discovery/pkg/apis/nfd/v1alpha1/feature.go:115.28,117.4 1 0
sigs.k8s.io/node-feature-discovery/pkg/apis/nfd/v1alpha1/feature.go:118.3,118.39 1 0
sigs.k8s.io/node-feature-discovery/pkg/apis/nfd/v1alpha1/feature.go:118.39,122.4 3 0
sigs.k8s.io/node-feature-discovery/pkg/apis/nfd/v1alpha1/feature.go:124.2,124.25 1 0
sigs.k8s.io/node-feature-discovery/pkg/apis/nfd/v1alpha1/feature.go:124.25,125.27 1 0
sigs.k8s.io/node-feature-discovery/pkg/apis/nfd/v1alpha1/feature.go:125.27,127.4 1 0
sigs.k8s.io/node-feature-discovery/pkg/apis/nfd/v1alpha1/feature.go:128.3,128.38 1 0
sigs.k8s.io/node-feature-discovery/pkg/apis/nfd/v1alpha1/feature.go:128.38,132.4 3 0
sigs.k8s.io/node-feature-discovery/pkg/apis/nfd/v1alpha1/feature.go:137.58,138.24 1 0
sigs.k8s.io/node-feature-discovery/pkg/apis/nfd/v1alpha1/feature.go:138.24,139.26 1 0
sigs.k8s.io/node-feature-discovery/pkg/apis/nfd/v1alpha1/feature.go:139.26,141.4 1 0
sigs.k8s.io/node-feature-discovery/pkg/apis/nfd/v1alpha1/feature.go:142.3,142.37 1 0
sigs.k8s.io/node-feature-discovery/pkg/apis/nfd/v1alpha1/feature.go:142.37,144.4 1 0
sigs.k8s.io/node-feature-discovery/pkg/apis/nfd/v1alpha1/feature.go:149.68,150.24 1 0
sigs.k8s.io/node-feature-discovery/pkg/apis/nfd/v1alpha1/feature.go:150.24,151.26 1 0
sigs.k8s.io/node-feature-discovery/pkg/apis/nfd/v1alpha1/feature.go:151.26,153.4 1 0
sigs.k8s.io/node-feature-discovery/pkg/apis/nfd/v1alpha1/feature.go:154.3,154.37 1 0
sigs.k8s.io/node-feature-discovery/pkg/apis/nfd/v1alpha1/feature.go:154.37,156.4 1 0
sigs.k8s.io/node-feature-discovery/pkg/apis/nfd/v1alpha1/feature.go:161.66,162.24 1 0
sigs.k8s.io/node-feature-discovery/pkg/apis/nfd/v1alpha1/feature.go:162.24,163.26 1 0
sigs.k8s.io/node-feature-discovery/pkg/apis/nfd/v1alpha1/feature.go:163.26,165.4 1 0
sigs.k8s.io/node-feature-discovery/pkg/apis/nfd/v1alpha1/feature.go:166.3,166.33 1 0
sigs.k8s.io/node-feature-discovery/pkg/apis/nfd/v1alpha1/feature.go:166.33,168.4 1 0
sigs.k8s.io/node-feature-discovery/pkg/apis/nfd/v1alpha1/generated.pb.go:46.44,46.74 1 0
sigs.k8s.io/node-feature-discovery/pkg/apis/nfd/v1alpha1/generated.pb.go:47.45,47.46 0 0
sigs.k8s.io/node-feature-discovery/pkg/apis/nfd/v1alpha1/generated.pb.go:48.58,50.2 1 0
sigs.k8s.io/node-feature-discovery/pkg/apis/nfd/v1alpha1/generated.pb.go:51.61,53.2 1 0
sigs.k8s.io/node-feature-discovery/pkg/apis/nfd/v1alpha1/generated.pb.go:54.89,57.16 3 0
sigs.k8s.io/node-feature-discovery/pkg/apis/nfd/v1alpha1/generated.pb.go:57.16,59.3 1 0
sigs.k8s.io/node-feature-discovery/pkg/apis/nfd/v1alpha1/generated.pb.go:60.2,60.19 1 0
sigs.k8s.io/node-feature-discovery/pkg/apis/nfd/v1alpha1/generated.pb.go:62.60,64.2 1 0
sigs.k8s.io/node-feature-discovery/pkg/apis/nfd/v1alpha1/generated.pb.go:65.46,67.2 1 0
sigs.k8s.io/node-feature-discovery/pkg/apis/nfd/v1alpha1/generated.pb.go:68.52,70.2 1 0
sigs.k8s.io/node-feature-discovery/pkg/apis/nfd/v1alpha1/generated.pb.go:74.33,74.52 1 0
sigs.k8s.io/node-feature-discovery/pkg/apis/nfd/v1alpha1/generated.pb.go:75.34,75.35 0 0
sigs.k8s.io/node-feature-discovery/pkg/apis/nfd/v1alpha1/generated.pb.go:76.47,78.2 1 0
sigs.k8s.io/node-feature-discovery/pkg/apis/nfd/v1alpha1/generated.pb.go:79.50,81.2 1 0
sigs.k8s.io/node-feature-discovery/pkg/apis/nfd/v1alpha1/generated.pb.go:82.78,85.16 3 0
sigs.k8s.io/node-feature-discovery/pkg/apis/nfd/v1alpha1/generated.pb.go:85.16,87.3 1 0
sigs.k8s.io/node-feature-discovery/pkg/apis/nfd/v1alpha1/generated.pb.go:88.2,88.19 1 0
sigs.k8s.io/node-feature-discovery/pkg/apis/nfd/v1alpha1/generated.pb.go:90.49,92.2 1 0
sigs.k8s.io/node-feature-discovery/pkg/apis/nfd/v1alpha1/generated.pb.go:93.35,95.2 1 0
sigs.k8s.io/node-feature-discovery/pkg/apis/nfd/v1alpha1/generated.pb.go:96.41,98.2 1 0
sigs.k8s.io/node-feature-discovery/pkg/apis/nfd/v1alpha1/generated.pb.go:102.39,102.64 1 0
sigs.k8s.io/node-feature-discovery/pkg/apis/nfd/v1alpha1/generated.pb.go:103.40,103.41 0 0
sigs.k8s.io/node-feature-discovery/pkg/apis/nfd/v1alpha1/generated.pb.go:104.53,106.2 1 0
sigs.k8s.io/node-feature-discovery/pkg/apis/nfd/v1alpha1/generated.pb.go:107.56,109.2 1 0
sigs.k8s.io/node-feature-discovery/pkg/apis/nfd/v1alpha1/generated.pb.go:110.84,113.16 3 0
sigs.k8s.io/node-feature-discovery/pkg/apis/nfd/v1alpha1/generated.pb.go:113.16,115.3 1 0
sigs.k8s.io/node-feature-discovery/pkg/apis/nfd/v1alpha1/generated.pb.go:116.2,116.19 1 0
sigs.k8s.io/node-feature-discovery/pkg/apis/nfd/v1alpha1/generated.pb.go:118.55,120.2 1 0
sigs.k8s.io/node-feature-discovery/pkg/apis/nfd/v1alpha1/generated.pb.go:121.41,123.2 1 0
sigs.k8s.io/node-feature-discovery/pkg/apis/nfd/v1alpha1/generated.pb.go:124.47,126.2 1 0
sigs.k8s.io/node-feature-discovery/pkg/apis/nfd/v1alpha1/generated.pb.go:130.40,130.66 1 0
sigs.k8s.io/node-feature-discovery/pkg/apis/nfd/v1alpha1/generated.pb.go:131.41,131.42 0 0
sigs.k8s.io/node-feature-discovery/pkg/apis/nfd/v1alpha1/generated.pb.go:132.54,134.2 1 0
sigs.k8s.io/node-feature-discovery/pkg/apis/nfd/v1alpha1/generated.pb.go:135.57,137.2 1 0
sigs.k8s.io/node-feature-discovery/pkg/apis/nfd/v1alpha1/generated.pb.go:138.85,141.16 3 0
sigs.k8s.io/node-feature-discovery/pkg/apis/nfd/v1alpha1/generated.pb.go:141.16,143.3 1 0
sigs.k8s.io/node-feature-discovery/pkg/apis/nfd/v1alpha1/generated.pb.go:144.2,144.19 1 0
sigs.k8s.io/node-feature-discovery/pkg/apis/nfd/v1alpha1/generated.pb.go:146.56,148.2 1 0
sigs.k8s.io/node-feature-discovery/pkg/apis/nfd/v1alpha1/generated.pb.go:149.42,151.2 1 0
sigs.k8s.io/node-feature-discovery/pkg/apis/nfd/v1alpha1/generated.pb.go:152.48,154.2 1 0
sigs.k8s.io/node-feature-discovery/pkg/apis/nfd/v1alpha1/generated.pb.go:158.43,158.72 1 0
sigs.k8s.io/node-feature-discovery/pkg/apis/nfd/v1alpha1/generated.pb.go:159.44,159.45 0 0
sigs.k8s.io/node-feature-discovery/pkg/apis/nfd/v1alpha1/generated.pb.go:160.57,162.2 1 0
sigs.k8s.io/node-feature-discovery/pkg/apis/nfd/v1alpha1/generated.pb.go:163.60,165.2 1 0
sigs.k8s.io/node-feature-discovery/pkg/apis/nfd/v1alpha1/generated.pb.go:166.88,169.16 3 0
sigs.k8s.io/node-feature-discovery/pkg/apis/nfd/v1alpha1/generated.pb.go:169.16,171.3 1 0
sigs.k8s.io/node-feature-discovery/pkg/apis/nfd/v1alpha1/generated.pb.go:172.2,172.19 1 0
sigs.k8s.io/node-feature-discovery/pkg/apis/nfd/v1alpha1/generated.pb.go:174.59,176.2 1 0
sigs.k8s.io/node-feature-discovery/pkg/apis/nfd/v1alpha1/generated.pb.go:177.45,179.2 1 0
sigs.k8s.io/node-feature-discovery/pkg/apis/nfd/v1alpha1/generated.pb.go:180.51,182.2 1 0
sigs.k8s.io/node-feature-discovery/pkg/apis/nfd/v1alpha1/generated.pb.go:186.28,186.42 1 0
sigs.k8s.io/node-feature-discovery/pkg/apis/nfd/v1alpha1/generated.pb.go:187.29,187.30 0 0
sigs.k8s.io/node-feature-discovery/pkg/apis/nfd/v1alpha1/generated.pb.go:188.42,190.2 1 0
sigs.k8s.io/node-feature-discovery/pkg/apis/nfd/v1alpha1/generated.pb.go:191.45,193.2 1 0
sigs.k8s.io/node-feature-discovery/pkg/apis/nfd/v1alpha1/generated.pb.go:194.73,197.16 3 0
sigs.k8s.io/node-feature-discovery/pkg/apis/nfd/v1alpha1/generated.pb.go:197.16,199.3 1 0
sigs.k8s.io/node-feature-discovery/pkg/apis/nfd/v1alpha1/generated.pb.go:200.2,200.19 1 0
sigs.k8s.io/node-feature-discovery/pkg/apis/nfd/v1alpha1/generated.pb.go:202.44,204.2 1 0
sigs.k8s.io/node-feature-discovery/pkg/apis/nfd/v1alpha1/generated.pb.go:205.30,207.2 1 0
sigs.k8s.io/node-feature-discovery/pkg/apis/nfd/v1alpha1/generated.pb.go:208.36,210.2 1 0
sigs.k8s.io/node-feature-discovery/pkg/apis/nfd/v1alpha1/generated.pb.go:214.13,227.2 12 1
sigs.k8s.io/node-feature-discovery/pkg/apis/nfd/v1alpha1/generated.pb.go:229.13,231.2 1 1
sigs.k8s.io/node-feature-discovery/pkg/apis/nfd/v1alpha1/generated.pb.go:271.66,275.16 4 0
sigs.k8s.io/node-feature-discovery/pkg/apis/nfd/v1alpha1/generated.pb.go:275.16,277.3 1 0
sigs.k8s.io/node-feature-discovery/pkg/apis/nfd/v1alpha1/generated.pb.go:278.2,278.22 1 0
sigs.k8s.io/node-feature-discovery/pkg/apis/nfd/v1alpha1/generated.pb.go:281.67,284.2 2 0
sigs.k8s.io/node-feature-discovery/pkg/apis/nfd/v1alpha1/generated.pb.go:286.78,291.25 5 0
sigs.k8s.io/node-feature-discovery/pkg/apis/nfd/v1alpha1/generated.pb.go:291.25,293.29 2 0
sigs.k8s.io/node-feature-discovery/pkg/apis/nfd/v1alpha1/generated.pb.go:293.29,295.4 1 0
sigs.k8s.io/node-feature-discovery/pkg/apis/nfd/v1alpha1/generated.pb.go:296.3,297.62 2 0
sigs.k8s.io/node-feature-discovery/pkg/apis/nfd/v1alpha1/generated.pb.go:297.62,313.4 15 0
sigs.k8s.io/node-feature-discovery/pkg/apis/nfd/v1alpha1/generated.pb.go:315.2,315.27 1 0
sigs.k8s.io/node-feature-discovery/pkg/apis/nfd/v1alpha1/generated.pb.go:318.55,322.16 4 0
sigs.k8s.io/node-feature-discovery/pkg/apis/nfd/v1alpha1/generated.pb.go:322.16,324.3 1 0
sigs.k8s.io/node-feature-discovery/pkg/apis/nfd/v1alpha1/generated.pb.go:325.2,325.22 1 0
sigs.k8s.io/node-feature-discovery/pkg/apis/nfd/v1alpha1/generated.pb.go:328.56,331.2 2 0
sigs.k8s.io/node-feature-discovery/pkg/apis/nfd/v1alpha1/generated.pb.go:333.67,338.26 5 0
sigs.k8s.io/node-feature-discovery/pkg/apis/nfd/v1alpha1/generated.pb.go:338.26,340.30 2 0
sigs.k8s.io/node-feature-discovery/pkg/apis/nfd/v1alpha1/generated.pb.go:340.30,342.4 1 0
sigs.k8s.io/node-feature-discovery/pkg/apis/nfd/v1alpha1/generated.pb.go:343.3,344.63 2 0
sigs.k8s.io/node-feature-discovery/pkg/apis/nfd/v1alpha1/generated.pb.go:344.63,347.4 3 0
sigs.k8s.io/node-feature-discovery/pkg/apis/nfd/v1alpha1/generated.pb.go:347.4,349.19 2 0
sigs.k8s.io/node-feature-discovery/pkg/apis/nfd/v1alpha1/generated.pb.go:349.19,351.6 1 0
sigs.k8s.io/node-feature-discovery/pkg/apis/nfd/v1alpha1/generated.pb.go:352.5,353.53 2 0
sigs.k8s.io/node-feature-discovery/pkg/apis/nfd/v1alpha1/generated.pb.go:355.4,364.18 10 0
sigs.k8s.io/node-feature-discovery/pkg/apis/nfd/v1alpha1/generated.pb.go:367.2,367.27 1 0
sigs.k8s.io/node-feature-discovery/pkg/apis/nfd/v1alpha1/generated.pb.go:367.27,369.31 2 0
sigs.k8s.io/node-feature-discovery/pkg/apis/nfd/v1alpha1/generated.pb.go:369.31,371.4 1 0
sigs.k8s.io/node-feature-discovery/pkg/apis/nfd/v1alpha1/generated.pb.go:372.3,373.64 2 0
sigs.k8s.io/node-feature-discovery/pkg/apis/nfd/v1alpha1/generated.pb.go:373.64,376.4 3 0
sigs.k8s.io/node-feature-discovery/pkg/apis/nfd/v1alpha1/generated.pb.go:376.4,378.19 2 0
sigs.k8s.io/node-feature-discovery/pkg/apis/nfd/v1alpha1/generated.pb.go:378.19,380.6 1 0
sigs.k8s.io/node-feature-discovery/pkg/apis/nfd/v1alpha1/generated.pb.go:381.5,382.53 2 0
sigs.k8s.io/node-feature-discovery/pkg/apis/nfd/v1alpha1/generated.pb.go:384.4,393.18 10 0
sigs.k8s.io/node-feature-discovery/pkg/apis/nfd/v1alpha1/generated.pb.go:396.2,396.22 1 0
sigs.k8s.io/node-feature-discovery/pkg/apis/nfd/v1alpha1/generated.pb.go:396.22,398.26 2 0
sigs.k8s.io/node-feature-discovery/pkg/apis/nfd/v1alpha1/generated.pb.go:398.26,400.4 1 0
sigs.k8s.io/node-feature-discovery/pkg/apis/nfd/v1alpha1/generated.pb.go:401.3,402.59 2 0
sigs.k8s.io/node-feature-discovery/pkg/apis/nfd/v1alpha1/generated.pb.go:402.59,405.4 3 0
sigs.k8s.io/node-feature-discovery/pkg/apis/nfd/v1alpha1/generated.pb.go:405.4,407.19 2 0
sigs.k8s.io/node-feature-discovery/pkg/apis/nfd/v1alpha1/generated.pb.go:407.19,409.6 1 0
sigs.k8s.io/node-feature-discovery/pkg/apis/nfd/v1alpha1/generated.pb.go:410.5,411.53 2 0
sigs.k8s.io/node-feature-discovery/pkg/apis/nfd/v1alpha1/generated.pb.go:413.4,422.17 10 0
sigs.k8s.io/node-feature-discovery/pkg/apis/nfd/v1alpha1/generated.pb.go:425.2,425.27 1 0
sigs.k8s.io/node-feature-discovery/pkg/apis/nfd/v1alpha1/generated.pb.go:428.61,432.16 4 0
sigs.k8s.io/node-feature-discovery/pkg/apis/nfd/v1alpha1/generated.pb.go:432.16,434.3 1 0
sigs.k8s.io/node-feature-discovery/pkg/apis/nfd/v1alpha1/generated.pb.go:435.2,435.22 1 0
sigs.k8s.io/node-feature-discovery/pkg/apis/nfd/v1alpha1/generated.pb.go:438.62,441.2 2 0
sigs.k8s.io/node-feature-discovery/pkg/apis/nfd/v1alpha1/generated.pb.go:443.73,448.25 5 0
sigs.k8s.io/node-feature-discovery/pkg/apis/nfd/v1alpha1/generated.pb.go:448.25,450.29 2 0
sigs.k8s.io/node-feature-discovery/pkg/apis/nfd/v1alpha1/generated.pb.go:450.29,452.4 1 0
sigs.k8s.io/node-feature-discovery/pkg/apis/nfd/v1alpha1/generated.pb.go:453.3,454.62 2 0
sigs.k8s.io/node-feature-discovery/pkg/apis/nfd/v1alpha1/generated.pb.go:454.62,457.4 3 0
sigs.k8s.io/node-feature-discovery/pkg/apis/nfd/v1alpha1/generated.pb.go:457.4,459.19 2 0
sigs.k8s.io/node-feature-discovery/pkg/apis/nfd/v1alpha1/generated.pb.go:459.19,461.6 1 0
sigs.k8s.io/node-feature-discovery/pkg/apis/nfd/v1alpha1/generated.pb.go:462.5,463.53 2 0
sigs.k8s.io/node-feature-discovery/pkg/apis/nfd/v1alpha1/generated.pb.go:465.4,474.17 10 0
sigs.k8s.io/node-feature-discovery/pkg/apis/nfd/v1alpha1/generated.pb.go:477.2,477.27 1 0
sigs.k8s.io/node-feature-discovery/pkg/apis/nfd/v1alpha1/generated.pb.go:480.62,484.16 4 0
sigs.k8s.io/node-feature-discovery/pkg/apis/nfd/v1alpha1/generated.pb.go:484.16,486.3 1 0
sigs.k8s.io/node-feature-discovery/pkg/apis/nfd/v1alpha1/generated.pb.go:487.2,487.22 1 0
sigs.k8s.io/node-feature-discovery/pkg/apis/nfd/v1alpha1/generated.pb.go:490.63,493.2 2 0
sigs.k8s.io/node-feature-discovery/pkg/apis/nfd/v1alpha1/generated.pb.go:495.74,500.27 5 0
sigs.k8s.io/node-feature-discovery/pkg/apis/nfd/v1alpha1/generated.pb.go:500.27,502.31 2 0
sigs.k8s.io/node-feature-discovery/pkg/apis/nfd/v1alpha1/generated.pb.go:502.31,504.4 1 0
sigs.k8s.io/node-feature-discovery/pkg/apis/nfd/v1alpha1/generated.pb.go:505.3,506.64 2 0
sigs.k8s.io/node-feature-discovery/pkg/apis/nfd/v1alpha1/generated.pb.go:506.64,522.4 15 0
sigs.k8s.io/node-feature-discovery/pkg/apis/nfd/v1alpha1/generated.pb.go:524.2,524.27 1 0
sigs.k8s.io/node-feature-discovery/pkg/apis/nfd/v1alpha1/generated.pb.go:527.65,531.16 4 0
sigs.k8s.io/node-feature-discovery/pkg/apis/nfd/v1alpha1/generated.pb.go:531.16,533.3 1 0
sigs.k8s.io/node-feature-discovery/pkg/apis/nfd/v1alpha1/generated.pb.go:534.2,534.22 1 0
sigs.k8s.io/node-feature-discovery/pkg/apis/nfd/v1alpha1/generated.pb.go:537.66,540.2 2 0
sigs.k8s.io/node-feature-discovery/pkg/apis/nfd/v1alpha1/generated.pb.go:542.77,547.25 5 0
sigs.k8s.io/node-feature-discovery/pkg/apis/nfd/v1alpha1/generated.pb.go:547.25,548.57 1 0
sigs.k8s.io/node-feature-discovery/pkg/apis/nfd/v1alpha1/generated.pb.go:548.57,549.4 1 0
sigs.k8s.io/node-feature-discovery/pkg/apis/nfd/v1alpha1/generated.pb.go:549.4,551.19 2 0
sigs.k8s.io/node-feature-discovery/pkg/apis/nfd/v1alpha1/generated.pb.go:551.19,553.6 1 0
sigs.k8s.io/node-feature-discovery/pkg/apis/nfd/v1alpha1/generated.pb.go:554.5,555.53 2 0
sigs.k8s.io/node-feature-discovery/pkg/apis/nfd/v1alpha1/generated.pb.go:557.4,558.17 2 0
sigs.k8s.io/node-feature-discovery/pkg/apis/nfd/v1alpha1/generated.pb.go:561.2,561.27 1 0
sigs.k8s.io/node-feature-discovery/pkg/apis/nfd/v1alpha1/generated.pb.go:564.50,568.16 4 0
sigs.k8s.io/node-feature-discovery/pkg/apis/nfd/v1alpha1/generated.pb.go:568.16,570.3 1 0
sigs.k8s.io/node-feature-discovery/pkg/apis/nfd/v1alpha1/generated.pb.go:571.2,571.22 1 0
sigs.k8s.io/node-feature-discovery/pkg/apis/nfd/v1alpha1/generated.pb.go:574.51,577.2 2 0
sigs.k8s.io/node-feature-discovery/pkg/apis/nfd/v1alpha1/generated.pb.go:579.62,585.2 5 0
sigs.k8s.io/node-feature-discovery/pkg/apis/nfd/v1alpha1/generated.pb.go:587.67,590.16 3 0
sigs.k8s.io/node-feature-discovery/pkg/apis/nfd/v1alpha1/generated.pb.go:590.16,594.3 3 0
sigs.k8s.io/node-feature-discovery/pkg/apis/nfd/v1alpha1/generated.pb.go:595.2,596.13 2 0
sigs.k8s.io/node-feature-discovery/pkg/apis/nfd/v1alpha1/generated.pb.go:598.46,599.14 1 0
sigs.k8s.io/node-feature-discovery/pkg/apis/nfd/v1alpha1/generated.pb.go:599.14,601.3 1 0
sigs.k8s.io/node-feature-discovery/pkg/apis/nfd/v1alpha1/generated.pb.go:602.2,604.25 3 0
sigs.k8s.io/node-feature-discovery/pkg/apis/nfd/v1alpha1/generated.pb.go:604.25,605.32 1 0
sigs.k8s.io/node-feature-discovery/pkg/apis/nfd/v1alpha1/generated.pb.go:605.32,610.4 4 0
sigs.k8s.io/node-feature-discovery/pkg/apis/nfd/v1alpha1/generated.pb.go:612.2,612.10 1 0
sigs.k8s.io/node-feature-discovery/pkg/apis/nfd/v1alpha1/generated.pb.go:615.35,616.14 1 0
sigs.k8s.io/node-feature-discovery/pkg/apis/nfd/v1alpha1/generated.pb.go:616.14,618.3 1 0
sigs.k8s.io/node-feature-discovery/pkg/apis/nfd/v1alpha1/generated.pb.go:619.2,621.22 3 0
sigs.k8s.io/node-feature-discovery/pkg/apis/nfd/v1alpha1/generated.pb.go:621.22,622.29 1 0
sigs.k8s.io/node-feature-discovery/pkg/apis/nfd/v1alpha1/generated.pb.go:622.29,628.4 5 0
sigs.k8s.io/node-feature-discovery/pkg/apis/nfd/v1alpha1/generated.pb.go:630.2,630.27 1 0
sigs.k8s.io/node-feature-discovery/pkg/apis/nfd/v1alpha1/generated.pb.go:630.27,631.34 1 0
sigs.k8s.io/node-feature-discovery/pkg/apis/nfd/v1alpha1/generated.pb.go:631.34,637.4 5 0
sigs.k8s.io/node-feature-discovery/pkg/apis/nfd/v1alpha1/generated.pb.go:639.2,639.26 1 0
sigs.k8s.io/node-feature-discovery/pkg/apis/nfd/v1alpha1/generated.pb.go:639.26,640.33 1 0
sigs.k8s.io/node-feature-discovery/pkg/apis/nfd/v1alpha1/generated.pb.go:640.33,646.4 5 0
sigs.k8s.io/node-feature-discovery/pkg/apis/nfd/v1alpha1/generated.pb.go:648.2,648.10 1 0
sigs.k8s.io/node-feature-discovery/pkg/apis/nfd/v1alpha1/generated.pb.go:651.41,652.14 1 0
sigs.k8s.io/node-feature-discovery/pkg/apis/nfd/v1alpha1/generated.pb.go:652.14,654.3 1 0
sigs.k8s.io/node-feature-discovery/pkg/apis/nfd/v1alpha1/generated.pb.go:655.2,657.25 3 0
sigs.k8s.io/node-feature-discovery/pkg/apis/nfd/v1alpha1/generated.pb.go:657.25,658.32 1 0
sigs.k8s.io/node-feature-discovery/pkg/apis/nfd/v1alpha1/generated.pb.go:658.32,664.4 5 0
sigs.k8s.io/node-feature-discovery/pkg/apis/nfd/v1alpha1/generated.pb.go:666.2,666.10 1 0
sigs.k8s.io/node-feature-discovery/pkg/apis/nfd/v1alpha1/generated.pb.go:669.42,670.14 1 0
sigs.k8s.io/node-feature-discovery/pkg/apis/nfd/v1alpha1/generated.pb.go:670.14,672.3 1 0
sigs.k8s.io/node-feature-discovery/pkg/apis/nfd/v1alpha1/generated.pb.go:673.2,675.27 3 0
sigs.k8s.io/node-feature-discovery/pkg/apis/nfd/v1alpha1/generated.pb.go:675.27,676.34 1 0
sigs.k8s.io/node-feature-discovery/pkg/apis/nfd/v1alpha1/generated.pb.go:676.34,681.4 4 0
sigs.k8s.io/node-feature-discovery/pkg/apis/nfd/v1alpha1/generated.pb.go:683.2,683.10 1 0
sigs.k8s.io/node-feature-discovery/pkg/apis/nfd/v1alpha1/generated.pb.go:686.45,687.14 1 0
sigs.k8s.io/node-feature-discovery/pkg/apis/nfd/v1alpha1/generated.pb.go:687.14,689.3 1 0
sigs.k8s.io/node-feature-discovery/pkg/apis/nfd/v1alpha1/generated.pb.go:690.2,692.25 3 0
sigs.k8s.io/node-feature-discovery/pkg/apis/nfd/v1alpha1/generated.pb.go:692.25,693.32 1 0
sigs.k8s.io/node-feature-discovery/pkg/apis/nfd/v1alpha1/generated.pb.go:693.32,696.4 2 0
sigs.k8s.io/node-feature-discovery/pkg/apis/nfd/v1alpha1/generated.pb.go:698.2,698.10 1 0
sigs.k8s.io/node-feature-discovery/pkg/apis/nfd/v1alpha1/generated.pb.go:701.30,702.14 1 0
sigs.k8s.io/node-feature-discovery/pkg/apis/nfd/v1alpha1/generated.pb.go:702.14,704.3 1 0
sigs.k8s.io/node-feature-discovery/pkg/apis/nfd/v1alpha1/generated.pb.go:705.2,707.10 3 0
sigs.k8s.io/node-feature-discovery/pkg/apis/nfd/v1alpha1/generated.pb.go:710.37,712.2 1 0
sigs.k8s.io/node-feature-discovery/pkg/apis/nfd/v1alpha1/generated.pb.go:713.37,715.2 1 0
sigs.k8s.io/node-feature-discovery/pkg/apis/nfd/v1alpha1/generated.pb.go:716.50,717.17 1 0
sigs.k8s.io/node-feature-discovery/pkg/apis/nfd/v1alpha1/generated.pb.go:717.17,719.3 1 0
sigs.k8s.io/node-feature-discovery/pkg/apis/nfd/v1alpha1/generated.pb.go:720.2,721.31 2 0
sigs.k8s.io/node-feature-discovery/pkg/apis/nfd/v1alpha1/generated.pb.go:721.31,723.3 1 0
sigs.k8s.io/node-feature-discovery/pkg/apis/nfd/v1alpha1/generated.pb.go:724.2,726.36 3 0
sigs.k8s.io/node-feature-discovery/pkg/apis/nfd/v1alpha1/generated.pb.go:726.36,728.3 1 0
sigs.k8s.io/node-feature-discovery/pkg/apis/nfd/v1alpha1/generated.pb.go:729.2,734.10 3 0
sigs.k8s.io/node-feature-discovery/pkg/apis/nfd/v1alpha1/generated.pb.go:736.39,737.17 1 0
sigs.k8s.io/node-feature-discovery/pkg/apis/nfd/v1alpha1/generated.pb.go:737.17,739.3 1 0
sigs.k8s.io/node-feature-discovery/pkg/apis/nfd/v1alpha1/generated.pb.go:740.2,741.28 2 0
sigs.k8s.io/node-feature-discovery/pkg/apis/nfd/v1alpha1/generated.pb.go:741.28,743.3 1 0
sigs.k8s.io/node-feature-discovery/pkg/apis/nfd/v1alpha1/generated.pb.go:744.2,746.33 3 0
sigs.k8s.io/node-feature-discovery/pkg/apis/nfd/v1alpha1/generated.pb.go:746.33,748.3 1 0
sigs.k8s.io/node-feature-discovery/pkg/apis/nfd/v1alpha1/generated.pb.go:749.2,751.33 3 0
sigs.k8s.io/node-feature-discovery/pkg/apis/nfd/v1alpha1/generated.pb.go:751.33,753.3 1 0
sigs.k8s.io/node-feature-discovery/pkg/apis/nfd/v1alpha1/generated.pb.go:754.2,756.38 3 0
sigs.k8s.io/node-feature-discovery/pkg/apis/nfd/v1alpha1/generated.pb.go:756.38,758.3 1 0
sigs.k8s.io/node-feature-discovery/pkg/apis/nfd/v1alpha1/generated.pb.go:759.2,761.32 3 0
sigs.k8s.io/node-feature-discovery/pkg/apis/nfd/v1alpha1/generated.pb.go:761.32,763.3 1 0
sigs.k8s.io/node-feature-discovery/pkg/apis/nfd/v1alpha1/generated.pb.go:764.2,766.37 3 0
sigs.k8s.io/node-feature-discovery/pkg/apis/nfd/v1alpha1/generated.pb.go:766.37,768.3 1 0
sigs.k8s.io/node-feature-discovery/pkg/apis/nfd/v1alpha1/generated.pb.go:769.2,776.10 3 0
sigs.k8s.io/node-feature-discovery/pkg/apis/nfd/v1alpha1/generated.pb.go:778.45,779.17 1 0
sigs.k8s.io/node-feature-discovery/pkg/apis/nfd/v1alpha1/generated.pb.go:779.17,781.3 1 0
sigs.k8s.io/node-feature-discovery/pkg/apis/nfd/v1alpha1/generated.pb.go:782.2,783.31 2 0
sigs.k8s.io/node-feature-discovery/pkg/apis/nfd/v1alpha1/generated.pb.go:783.31,785.3 1 0
sigs.k8s.io/node-feature-discovery/pkg/apis/nfd/v1alpha1/generated.pb.go:786.2,788.36 3 0
sigs.k8s.io/node-feature-discovery/pkg/apis/nfd/v1alpha1/generated.pb.go:788.36,790.3 1 0
sigs.k8s.io/node-feature-discovery/pkg/apis/nfd/v1alpha1/generated.pb.go:791.2,796.10 3 0
sigs.k8s.io/node-feature-discovery/pkg/apis/nfd/v1alpha1/generated.pb.go:798.46,799.17 1 0
sigs.k8s.io/node-feature-discovery/pkg/apis/nfd/v1alpha1/generated.pb.go:799.17,801.3 1 0
sigs.k8s.io/node-feature-discovery/pkg/apis/nfd/v1alpha1/generated.pb.go:802.2,803.33 2 0
sigs.k8s.io/node-feature-discovery/pkg/apis/nfd/v1alpha1/generated.pb.go:803.33,805.3 1 0
sigs.k8s.io/node-feature-discovery/pkg/apis/nfd/v1alpha1/generated.pb.go:806.2,808.38 3 0
sigs.k8s.io/node-feature-discovery/pkg/apis/nfd/v1alpha1/generated.pb.go:808.38,810.3 1 0
sigs.k8s.io/node-feature-discovery/pkg/apis/nfd/v1alpha1/generated.pb.go:811.2,816.10 3 0
sigs.k8s.io/node-feature-discovery/pkg/apis/nfd/v1alpha1/generated.pb.go:818.49,819.17 1 0
sigs.k8s.io/node-feature-discovery/pkg/apis/nfd/v1alpha1/generated.pb.go:819.17,821.3 1 0
sigs.k8s.io/node-feature-discovery/pkg/apis/nfd/v1alpha1/generated.pb.go:822.2,823.34 2 0
sigs.k8s.io/node-feature-discovery/pkg/apis/nfd/v1alpha1/generated.pb.go:823.34,825.3 1 0
sigs.k8s.io/node-feature-discovery/pkg/apis/nfd/v1alpha1/generated.pb.go:826.2,831.10 3 0
sigs.k8s.io/node-feature-discovery/pkg/apis/nfd/v1alpha1/generated.pb.go:833.34,834.17 1 0
sigs.k8s.io/node-feature-discovery/pkg/apis/nfd/v1alpha1/generated.pb.go:834.17,836.3 1 0
sigs.k8s.io/node-feature-discovery/pkg/apis/nfd/v1alpha1/generated.pb.go:837.2,840.10 2 0
sigs.k8s.io/node-feature-discovery/pkg/apis/nfd/v1alpha1/generated.pb.go:842.51,844.16 2 0
sigs.k8s.io/node-feature-discovery/pkg/apis/nfd/v1alpha1/generated.pb.go:844.16,846.3 1 0
sigs.k8s.io/node-feature-discovery/pkg/apis/nfd/v1alpha1/generated.pb.go:847.2,848.31 2 0
sigs.k8s.io/node-feature-discovery/pkg/apis/nfd/v1alpha1/generated.pb.go:850.60,853.16 3 0
sigs.k8s.io/node-feature-discovery/pkg/apis/nfd/v1alpha1/generated.pb.go:853.16,856.38 3 0
sigs.k8s.io/node-feature-discovery/pkg/apis/nfd/v1alpha1/generated.pb.go:856.38,857.19 1 0
sigs.k8s.io/node-feature-discovery/pkg/apis/nfd/v1alpha1/generated.pb.go:857.19,859.5 1 0
sigs.k8s.io/node-feature-discovery/pkg/apis/nfd/v1alpha1/generated.pb.go:860.4,860.18 1 0
sigs.k8s.io/node-feature-discovery/pkg/apis/nfd/v1alpha1/generated.pb.go:860.18,862.5 1 0
sigs.k8s.io/node-feature-discovery/pkg/apis/nfd/v1alpha1/generated.pb.go:863.4,866.16 4 0
sigs.k8s.io/node-feature-discovery/pkg/apis/nfd/v1alpha1/generated.pb.go:866.16,867.10 1 0
sigs.k8s.io/node-feature-discovery/pkg/apis/nfd/v1alpha1/generated.pb.go:870.3,872.20 3 0
sigs.k8s.io/node-feature-discovery/pkg/apis/nfd/v1alpha1/generated.pb.go:872.20,874.4 1 0
sigs.k8s.io/node-feature-discovery/pkg/apis/nfd/v1alpha1/generated.pb.go:875.3,875.20 1 0
sigs.k8s.io/node-feature-discovery/pkg/apis/nfd/v1alpha1/generated.pb.go:875.20,877.4 1 0
sigs.k8s.io/node-feature-discovery/pkg/apis/nfd/v1alpha1/generated.pb.go:878.3,878.19 1 0
sigs.k8s.io/node-feature-discovery/pkg/apis/nfd/v1alpha1/generated.pb.go:879.10,880.21 1 0
sigs.k8s.io/node-feature-discovery/pkg/apis/nfd/v1alpha1/generated.pb.go:880.21,882.5 1 0
sigs.k8s.io/node-feature-discovery/pkg/apis/nfd/v1alpha1/generated.pb.go:883.4,884.39 2 0
sigs.k8s.io/node-feature-discovery/pkg/apis/nfd/v1alpha1/generated.pb.go:884.39,885.20 1 0
sigs.k8s.io/node-feature-discovery/pkg/apis/nfd/v1alpha1/generated.pb.go:885.20,887.6 1 0
sigs.k8s.io/node-feature-discovery/pkg/apis/nfd/v1alpha1/generated.pb.go:888.5,888.19 1 0
sigs.k8s.io/node-feature-discovery/pkg/apis/nfd/v1alpha1/generated.pb.go:888.19,890.6 1 0
sigs.k8s.io/node-feature-discovery/pkg/apis/nfd/v1alpha1/generated.pb.go:891.5,894.17 4 0
sigs.k8s.io/node-feature-discovery/pkg/apis/nfd/v1alpha1/generated.pb.go:894.17,895.11 1 0
sigs.k8s.io/node-feature-discovery/pkg/apis/nfd/v1alpha1/generated.pb.go:898.4,898.18 1 0
sigs.k8s.io/node-feature-discovery/pkg/apis/nfd/v1alpha1/generated.pb.go:898.18,900.5 1 0
sigs.k8s.io/node-feature-discovery/pkg/apis/nfd/v1alpha1/generated.pb.go:901.4,902.21 2 0
sigs.k8s.io/node-feature-discovery/pkg/apis/nfd/v1alpha1/generated.pb.go:902.21,904.5 1 0
sigs.k8s.io/node-feature-discovery/pkg/apis/nfd/v1alpha1/generated.pb.go:905.4,905.21 1 0
sigs.k8s.io/node-feature-discovery/pkg/apis/nfd/v1alpha1/generated.pb.go:905.21,907.5 1 0
sigs.k8s.io/node-feature-discovery/pkg/apis/nfd/v1alpha1/generated.pb.go:908.4,908.25 1 0
sigs.k8s.io/node-feature-discovery/pkg/apis/nfd/v1alpha1/generated.pb.go:908.25,910.5 1 0
sigs.k8s.io/node-feature-discovery/pkg/apis/nfd/v1alpha1/generated.pb.go:911.4,913.26 3 0
sigs.k8s.io/node-feature-discovery/pkg/apis/nfd/v1alpha1/generated.pb.go:913.26,916.40 3 0
sigs.k8s.io/node-feature-discovery/pkg/apis/nfd/v1alpha1/generated.pb.go:916.40,917.21 1 0
sigs.k8s.io/node-feature-discovery/pkg/apis/nfd/v1alpha1/generated.pb.go:917.21,919.7 1 0
sigs.k8s.io/node-feature-discovery/pkg/apis/nfd/v1alpha1/generated.pb.go:920.6,920.20 1 0
sigs.k8s.io/node-feature-discovery/pkg/apis/nfd/v1alpha1/generated.pb.go:920.20,922.7 1 0
sigs.k8s.io/node-feature-discovery/pkg/apis/nfd/v1alpha1/generated.pb.go:923.6,926.18 4 0
sigs.k8s.io/node-feature-discovery/pkg/apis/nfd/v1alpha1/generated.pb.go:926.18,927.12 1 0
sigs.k8s.io/node-feature-discovery/pkg/apis/nfd/v1alpha1/generated.pb.go:930.5,931.22 2 0
sigs.k8s.io/node-feature-discovery/pkg/apis/nfd/v1alpha1/generated.pb.go:931.22,933.41 2 0
sigs.k8s.io/node-feature-discovery/pkg/apis/nfd/v1alpha1/generated.pb.go:933.41,934.22 1 0
sigs.k8s.io/node-feature-discovery/pkg/apis/nfd/v1alpha1/generated.pb.go:934.22,936.8 1 0
sigs.k8s.io/node-feature-discovery/pkg/apis/nfd/v1alpha1/generated.pb.go:937.7,937.21 1 0
sigs.k8s.io/node-feature-discovery/pkg/apis/nfd/v1alpha1/generated.pb.go:937.21,939.8 1 0
sigs.k8s.io/node-feature-discovery/pkg/apis/nfd/v1alpha1/generated.pb.go:940.7,943.19 4 0
sigs.k8s.io/node-feature-discovery/pkg/apis/nfd/v1alpha1/generated.pb.go:943.19,944.13 1 0
sigs.k8s.io/node-feature-discovery/pkg/apis/nfd/v1alpha1/generated.pb.go:947.6,948.32 2 0
sigs.k8s.io/node-feature-discovery/pkg/apis/nfd/v1alpha1/generated.pb.go:948.32,950.7 1 0
sigs.k8s.io/node-feature-discovery/pkg/apis/nfd/v1alpha1/generated.pb.go:951.6,952.35 2 0
sigs.k8s.io/node-feature-discovery/pkg/apis/nfd/v1alpha1/generated.pb.go:952.35,954.7 1 0
sigs.k8s.io/node-feature-discovery/pkg/apis/nfd/v1alpha1/generated.pb.go:955.6,955.35 1 0
sigs.k8s.io/node-feature-discovery/pkg/apis/nfd/v1alpha1/generated.pb.go:955.35,957.7 1 0
sigs.k8s.io/node-feature-discovery/pkg/apis/nfd/v1alpha1/generated.pb.go:958.6,959.35 2 0
sigs.k8s.io/node-feature-discovery/pkg/apis/nfd/v1alpha1/generated.pb.go:960.11,960.29 1 0
sigs.k8s.io/node-feature-discovery/pkg/apis/nfd/v1alpha1/generated.pb.go:960.29,962.41 2 0
sigs.k8s.io/node-feature-discovery/pkg/apis/nfd/v1alpha1/generated.pb.go:962.41,963.22 1 0
sigs.k8s.io/node-feature-discovery/pkg/apis/nfd/v1alpha1/generated.pb.go:963.22,965.8 1 0
sigs.k8s.io/node-feature-discovery/pkg/apis/nfd/v1alpha1/generated.pb.go:966.7,966.21 1 0
sigs.k8s.io/node-feature-discovery/pkg/apis/nfd/v1alpha1/generated.pb.go:966.21,968.8 1 0
sigs.k8s.io/node-feature-discovery/pkg/apis/nfd/v1alpha1/generated.pb.go:969.7,972.19 4 0
sigs.k8s.io/node-feature-discovery/pkg/apis/nfd/v1alpha1/generated.pb.go:972.19,973.13 1 0
sigs.k8s.io/node-feature-discovery/pkg/apis/nfd/v1alpha1/generated.pb.go:976.6,977.34 2 0
sigs.k8s.io/node-feature-discovery/pkg/apis/nfd/v1alpha1/generated.pb.go:977.34,979.7 1 0
sigs.k8s.io/node-feature-discovery/pkg/apis/nfd/v1alpha1/generated.pb.go:980.6,981.37 2 0
sigs.k8s.io/node-feature-discovery/pkg/apis/nfd/v1alpha1/generated.pb.go:981.37,983.7 1 0
sigs.k8s.io/node-feature-discovery/pkg/apis/nfd/v1alpha1/generated.pb.go:984.6,984.37 1 0
sigs.k8s.io/node-feature-discovery/pkg/apis/nfd/v1alpha1/generated.pb.go:984.37,986.7 1 0
sigs.k8s.io/node-feature-discovery/pkg/apis/nfd/v1alpha1/generated.pb.go:987.6,988.37 2 0
sigs.k8s.io/node-feature-discovery/pkg/apis/nfd/v1alpha1/generated.pb.go:989.11,992.20 3 0
sigs.k8s.io/node-feature-discovery/pkg/apis/nfd/v1alpha1/generated.pb.go:992.20,994.7 1 0
sigs.k8s.io/node-feature-discovery/pkg/apis/nfd/v1alpha1/generated.pb.go:995.6,995.44 1 0
sigs.k8s.io/node-feature-discovery/pkg/apis/nfd/v1alpha1/generated.pb.go:995.44,997.7 1 0
sigs.k8s.io/node-feature-discovery/pkg/apis/nfd/v1alpha1/generated.pb.go:998.6,998.38 1 0
sigs.k8s.io/node-feature-discovery/pkg/apis/nfd/v1alpha1/generated.pb.go:998.38,1000.7 1 0
sigs.k8s.io/node-feature-discovery/pkg/apis/nfd/v1alpha1/generated.pb.go:1001.6,1001.21 1 0
sigs.k8s.io/node-feature-discovery/pkg/apis/nfd/v1alpha1/generated.pb.go:1004.4,1005.21 2 0
sigs.k8s.io/node-feature-discovery/pkg/apis/nfd/v1alpha1/generated.pb.go:1006.11,1009.18 3 0
sigs.k8s.io/node-feature-discovery/pkg/apis/nfd/v1alpha1/generated.pb.go:1009.18,1011.5 1 0
sigs.k8s.io/node-feature-discovery/pkg/apis/nfd/v1alpha1/generated.pb.go:1012.4,1012.42 1 0
sigs.k8s.io/node-feature-discovery/pkg/apis/nfd/v1alpha1/generated.pb.go:1012.42,1014.5 1 0
sigs.k8s.io/node-feature-discovery/pkg/apis/nfd/v1alpha1/generated.pb.go:1015.4,1015.28 1 0
sigs.k8s.io/node-feature-discovery/pkg/apis/nfd/v1alpha1/generated.pb.go:1015.28,1017.5 1 0
sigs.k8s.io/node-feature-discovery/pkg/apis/nfd/v1alpha1/generated.pb.go:1018.4,1018.19 1 0
sigs.k8s.io/node-feature-discovery/pkg/apis/nfd/v1alpha1/generated.pb.go:1022.2,1022.15 1 0
sigs.k8s.io/node-feature-discovery/pkg/apis/nfd/v1alpha1/generated.pb.go:1022.15,1024.3 1 0
sigs.k8s.io/node-feature-discovery/pkg/apis/nfd/v1alpha1/generated.pb.go:1025.2,1025.12 1 0
sigs.k8s.io/node-feature-discovery/pkg/apis/nfd/v1alpha1/generated.pb.go:1027.49,1030.16 3 0
sigs.k8s.io/node-feature-discovery/pkg/apis/nfd/v1alpha1/generated.pb.go:1030.16,1033.38 3 0
sigs.k8s.io/node-feature-discovery/pkg/apis/nfd/v1alpha1/generated.pb.go:1033.38,1034.19 1 0
sigs.k8s.io/node-feature-discovery/pkg/apis/nfd/v1alpha1/generated.pb.go:1034.19,1036.5 1 0
sigs.k8s.io/node-feature-discovery/pkg/apis/nfd/v1alpha1/generated.pb.go:1037.4,1037.18 1 0
sigs.k8s.io/node-feature-discovery/pkg/apis/nfd/v1alpha1/generated.pb.go:1037.18,1039.5 1 0
sigs.k8s.io/node-feature-discovery/pkg/apis/nfd/v1alpha1/generated.pb.go:1040.4,1043.16 4 0
sigs.k8s.io/node-feature-discovery/pkg/apis/nfd/v1alpha1/generated.pb.go:1043.16,1044.10 1 0
sigs.k8s.io/node-feature-discovery/pkg/apis/nfd/v1alpha1/generated.pb.go:1047.3,1049.20 3 0
sigs.k8s.io/node-feature-discovery/pkg/apis/nfd/v1alpha1/generated.pb.go:1049.20,1051.4 1 0
sigs.k8s.io/node-feature-discovery/pkg/apis/nfd/v1alpha1/generated.pb.go:1052.3,1052.20 1 0
sigs.k8s.io/node-feature-discovery/pkg/apis/nfd/v1alpha1/generated.pb.go:1052.20,1054.4 1 0
sigs.k8s.io/node-feature-discovery/pkg/apis/nfd/v1alpha1/generated.pb.go:1055.3,1055.19 1 0
sigs.k8s.io/node-feature-discovery/pkg/apis/nfd/v1alpha1/generated.pb.go:1056.10,1057.21 1 0
sigs.k8s.io/node-feature-discovery/pkg/apis/nfd/v1alpha1/generated.pb.go:1057.21,1059.5 1 0
sigs.k8s.io/node-feature-discovery/pkg/apis/nfd/v1alpha1/generated.pb.go:1060.4,1061.39 2 0
sigs.k8s.io/node-feature-discovery/pkg/apis/nfd/v1alpha1/generated.pb.go:1061.39,1062.20 1 0
sigs.k8s.io/node-feature-discovery/pkg/apis/nfd/v1alpha1/generated.pb.go:1062.20,1064.6 1 0
sigs.k8s.io/node-feature-discovery/pkg/apis/nfd/v1alpha1/generated.pb.go:1065.5,1065.19 1 0
sigs.k8s.io/node-feature-discovery/pkg/apis/nfd/v1alpha1/generated.pb.go:1065.19,1067.6 1 0
sigs.k8s.io/node-feature-discovery/pkg/apis/nfd/v1alpha1/generated.pb.go:1068.5,1071.17 4 0
sigs.k8s.io/node-feature-discovery/pkg/apis/nfd/v1alpha1/generated.pb.go:1071.17,1072.11 1 0
sigs.k8s.io/node-feature-discovery/pkg/apis/nfd/v1alpha1/generated.pb.go:1075.4,1075.18 1 0
sigs.k8s.io/node-feature-discovery/pkg/apis/nfd/v1alpha1/generated.pb.go:1075.18,1077.5 1 0
sigs.k8s.io/node-feature-discovery/pkg/apis/nfd/v1alpha1/generated.pb.go:1078.4,1079.21 2 0
sigs.k8s.io/node-feature-discovery/pkg/apis/nfd/v1alpha1/generated.pb.go:1079.21,1081.5 1 0
sigs.k8s.io/node-feature-discovery/pkg/apis/nfd/v1alpha1/generated.pb.go:1082.4,1082.21 1 0
sigs.k8s.io/node-feature-discovery/pkg/apis/nfd/v1alpha1/generated.pb.go:1082.21,1084.5 1 0
sigs.k8s.io/node-feature-discovery/pkg/apis/nfd/v1alpha1/generated.pb.go:1085.4,1085.22 1 0
sigs.k8s.io/node-feature-discovery/pkg/apis/nfd/v1alpha1/generated.pb.go:1085.22,1087.5 1 0
sigs.k8s.io/node-feature-discovery/pkg/apis/nfd/v1alpha1/generated.pb.go:1088.4,1090.26 3 0
sigs.k8s.io/node-feature-discovery/pkg/apis/nfd/v1alpha1/generated.pb.go:1090.26,1093.40 3 0
sigs.k8s.io/node-feature-discovery/pkg/apis/nfd/v1alpha1/generated.pb.go:1093.40,1094.21 1 0
sigs.k8s.io/node-feature-discovery/pkg/apis/nfd/v1alpha1/generated.pb.go:1094.21,1096.7 1 0
sigs.k8s.io/node-feature-discovery/pkg/apis/nfd/v1alpha1/generated.pb.go:1097.6,1097.20 1 0
sigs.k8s.io/node-feature-discovery/pkg/apis/nfd/v1alpha1/generated.pb.go:1097.20,1099.7 1 0
sigs.k8s.io/node-feature-discovery/pkg/apis/nfd/v1alpha1/generated.pb.go:1100.6,1103.18 4 0
sigs.k8s.io/node-feature-discovery/pkg/apis/nfd/v1alpha1/generated.pb.go:1103.18,1104.12 1 0
sigs.k8s.io/node-feature-discovery/pkg/apis/nfd/v1alpha1/generated.pb.go:1107.5,1108.22 2 0
sigs.k8s.io/node-feature-discovery/pkg/apis/nfd/v1alpha1/generated.pb.go:1108.22,1110.41 2 0
sigs.k8s.io/node-feature-discovery/pkg/apis/nfd/v1alpha1/generated.pb.go:1110.41,1111.22 1 0
sigs.k8s.io/node-feature-discovery/pkg/apis/nfd/v1alpha1/generated.pb.go:1111.22,1113.8 1 0
sigs.k8s.io/node-feature-discovery/pkg/apis/nfd/v1alpha1/generated.pb.go:1114.7,1114.21 1 0
sigs.k8s.io/node-feature-discovery/pkg/apis/nfd/v1alpha1/generated.pb.go:1114.21,1116.8 1 0
sigs.k8s.io/node-feature-discovery/pkg/apis/nfd/v1alpha1/generated.pb.go:1117.7,1120.19 4 0
sigs.k8s.io/node-feature-discovery/pkg/apis/nfd/v1alpha1/generated.pb.go:1120.19,1121.13 1 0
sigs.k8s.io/node-feature-discovery/pkg/apis/nfd/v1alpha1/generated.pb.go:1124.6,1125.32 2 0
sigs.k8s.io/node-feature-discovery/pkg/apis/nfd/v1alpha1/generated.pb.go:1125.32,1127.7 1 0
sigs.k8s.io/node-feature-discovery/pkg/apis/nfd/v1alpha1/generated.pb.go:1128.6,1129.35 2 0
sigs.k8s.io/node-feature-discovery/pkg/apis/nfd/v1alpha1/generated.pb.go:1129.35,1131.7 1 0
sigs.k8s.io/node-feature-discovery/pkg/apis/nfd/v1alpha1/generated.pb.go:1132.6,1132.35 1 0
sigs.k8s.io/node-feature-discovery/pkg/apis/nfd/v1alpha1/generated.pb.go:1132.35,1134.7 1 0
sigs.k8s.io/node-feature-discovery/pkg/apis/nfd/v1alpha1/generated.pb.go:1135.6,1136.35 2 0
sigs.k8s.io/node-feature-discovery/pkg/apis/nfd/v1alpha1/generated.pb.go:1137.11,1137.29 1 0
sigs.k8s.io/node-feature-discovery/pkg/apis/nfd/v1alpha1/generated.pb.go:1137.29,1139.41 2 0
sigs.k8s.io/node-feature-discovery/pkg/apis/nfd/v1alpha1/generated.pb.go:1139.41,1140.22 1 0
sigs.k8s.io/node-feature-discovery/pkg/apis/nfd/v1alpha1/generated.pb.go:1140.22,1142.8 1 0
sigs.k8s.io/node-feature-discovery/pkg/apis/nfd/v1alpha1/generated.pb.go:1143.7,1143.21 1 0
sigs.k8s.io/node-feature-discovery/pkg/apis/nfd/v1alpha1/generated.pb.go:1143.21,1145.8 1 0
sigs.k8s.io/node-feature-discovery/pkg/apis/nfd/v1alpha1/generated.pb.go:1146.7,1149.19 4 0
sigs.k8s.io/node-feature-discovery/pkg/apis/nfd/v1alpha1/generated.pb.go:1149.19,1150.13 1 0
sigs.k8s.io/node-feature-discovery/pkg/apis/nfd/v1alpha1/generated.pb.go:1153.6,1153.23 1 0
sigs.k8s.io/node-feature-discovery/pkg/apis/nfd/v1alpha1/generated.pb.go:1153.23,1155.7 1 0
sigs.k8s.io/node-feature-discovery/pkg/apis/nfd/v1alpha1/generated.pb.go:1156.6,1157.26 2 0
sigs.k8s.io/node-feature-discovery/pkg/apis/nfd/v1alpha1/generated.pb.go:1157.26,1159.7 1 0
sigs.k8s.io/node-feature-discovery/pkg/apis/nfd/v1alpha1/generated.pb.go:1160.6,1160.26 1 0
sigs.k8s.io/node-feature-discovery/pkg/apis/nfd/v1alpha1/generated.pb.go:1160.26,1162.7 1 0
sigs.k8s.io/node-feature-discovery/pkg/apis/nfd/v1alpha1/generated.pb.go:1163.6,1164.73 2 0
sigs.k8s.io/node-feature-discovery/pkg/apis/nfd/v1alpha1/generated.pb.go:1164.73,1166.7 1 0
sigs.k8s.io/node-feature-discovery/pkg/apis/nfd/v1alpha1/generated.pb.go:1167.6,1167.26 1 0
sigs.k8s.io/node-feature-discovery/pkg/apis/nfd/v1alpha1/generated.pb.go:1168.11,1171.20 3 0
sigs.k8s.io/node-feature-discovery/pkg/apis/nfd/v1alpha1/generated.pb.go:1171.20,1173.7 1 0
sigs.k8s.io/node-feature-discovery/pkg/apis/nfd/v1alpha1/generated.pb.go:1174.6,1174.44 1 0
sigs.k8s.io/node-feature-discovery/pkg/apis/nfd/v1alpha1/generated.pb.go:1174.44,1176.7 1 0
sigs.k8s.io/node-feature-discovery/pkg/apis/nfd/v1alpha1/generated.pb.go:1177.6,1177.38 1 0
sigs.k8s.io/node-feature-discovery/pkg/apis/nfd/v1alpha1/generated.pb.go:1177.38,1179.7 1 0
sigs.k8s.io/node-feature-discovery/pkg/apis/nfd/v1alpha1/generated.pb.go:1180.6,1180.21 1 0
sigs.k8s.io/node-feature-discovery/pkg/apis/nfd/v1alpha1/generated.pb.go:1183.4,1184.21 2 0
sigs.k8s.io/node-feature-discovery/pkg/apis/nfd/v1alpha1/generated.pb.go:1185.10,1186.21 1 0
sigs.k8s.io/node-feature-discovery/pkg/apis/nfd/v1alpha1/generated.pb.go:1186.21,1188.5 1 0
sigs.k8s.io/node-feature-discovery/pkg/apis/nfd/v1alpha1/generated.pb.go:1189.4,1190.39 2 0
sigs.k8s.io/node-feature-discovery/pkg/apis/nfd/v1alpha1/generated.pb.go:1190.39,1191.20 1 0
sigs.k8s.io/node-feature-discovery/pkg/apis/nfd/v1alpha1/generated.pb.go:1191.20,1193.6 1 0
sigs.k8s.io/node-feature-discovery/pkg/apis/nfd/v1alpha1/generated.pb.go:1194.5,1194.19 1 0
sigs.k8s.io/node-feature-discovery/pkg/apis/nfd/v1alpha1/generated.pb.go:1194.19,1196.6 1 0
sigs.k8s.io/node-feature-discovery/pkg/apis/nfd/v1alpha1/generated.pb.go:1197.5,1200.17 4 0
sigs.k8s.io/node-feature-discovery/pkg/apis/nfd/v1alpha1/generated.pb.go:1200.17,1201.11 1 0
sigs.k8s.io/node-feature-discovery/pkg/apis/nfd/v1alpha1/generated.pb.go:1204.4,1204.18 1 0
sigs.k8s.io/node-feature-discovery/pkg/apis/nfd/v1alpha1/generated.pb.go:1204.18,1206.5 1 0
sigs.k8s.io/node-feature-discovery/pkg/apis/nfd/v1alpha1/generated.pb.go:1207.4,1208.21 2 0
sigs.k8s.io/node-feature-discovery/pkg/apis/nfd/v1alpha1/generated.pb.go:1208.21,1210.5 1 0
sigs.k8s.io/node-feature-discovery/pkg/apis/nfd/v1alpha1/generated.pb.go:1211.4,1211.21 1 0
sigs.k8s.io/node-feature-discovery/pkg/apis/nfd/v1alpha1/generated.pb.go:1211.21,1213.5 1 0
sigs.k8s.io/node-feature-discovery/pkg/apis/nfd/v1alpha1/generated.pb.go:1214.4,1214.27 1 0
sigs.k8s.io/node-feature-discovery/pkg/apis/nfd/v1alpha1/generated.pb.go:1214.27,1216.5 1 0
sigs.k8s.io/node-feature-discovery/pkg/apis/nfd/v1alpha1/generated.pb.go:1217.4,1219.26 3 0
sigs.k8s.io/node-feature-discovery/pkg/apis/nfd/v1alpha1/generated.pb.go:1219.26,1222.40 3 0
sigs.k8s.io/node-feature-discovery/pkg/apis/nfd/v1alpha1/generated.pb.go:1222.40,1223.21 1 0
sigs.k8s.io/node-feature-discovery/pkg/apis/nfd/v1alpha1/generated.pb.go:1223.21,1225.7 1 0
sigs.k8s.io/node-feature-discovery/pkg/apis/nfd/v1alpha1/generated.pb.go:1226.6,1226.20 1 0
sigs.k8s.io/node-feature-discovery/pkg/apis/nfd/v1alpha1/generated.pb.go:1226.20,1228.7 1 0
sigs.k8s.io/node-feature-discovery/pkg/apis/nfd/v1alpha1/generated.pb.go:1229.6,1232.18 4 0
sigs.k8s.io/node-feature-discovery/pkg/apis/nfd/v1alpha1/generated.pb.go:1232.18,1233.12 1 0
sigs.k8s.io/node-feature-discovery/pkg/apis/nfd/v1alpha1/generated.pb.go:1236.5,1237.22 2 0
sigs.k8s.io/node-feature-discovery/pkg/apis/nfd/v1alpha1/generated.pb.go:1237.22,1239.41 2 0
sigs.k8s.io/node-feature-discovery/pkg/apis/nfd/v1alpha1/generated.pb.go:1239.41,1240.22 1 0
sigs.k8s.io/node-feature-discovery/pkg/apis/nfd/v1alpha1/generated.pb.go:1240.22,1242.8 1 0
sigs.k8s.io/node-feature-discovery/pkg/apis/nfd/v1alpha1/generated.pb.go:1243.7,1243.21 1 0
sigs.k8s.io/node-feature-discovery/pkg/apis/nfd/v1alpha1/generated.pb.go:1243.21,1245.8 1 0
sigs.k8s.io/node-feature-discovery/pkg/apis/nfd/v1alpha1/generated.pb.go:1246.7,1249.19 4 0
sigs.k8s.io/node-feature-discovery/pkg/apis/nfd/v1alpha1/generated.pb.go:1249.19,1250.13 1 0
sigs.k8s.io/node-feature-discovery/pkg/apis/nfd/v1alpha1/generated.pb.go:1253.6,1254.32 2 0
sigs.k8s.io/node-feature-discovery/pkg/apis/nfd/v1alpha1/generated.pb.go:1254.32,1256.7 1 0
sigs.k8s.io/node-feature-discovery/pkg/apis/nfd/v1alpha1/generated.pb.go:1257.6,1258.35 2 0
sigs.k8s.io/node-feature-discovery/pkg/apis/nfd/v1alpha1/generated.pb.go:1258.35,1260.7 1 0
sigs.k8s.io/node-feature-discovery/pkg/apis/nfd/v1alpha1/generated.pb.go:1261.6,1261.35 1 0
sigs.k8s.io/node-feature-discovery/pkg/apis/nfd/v1alpha1/generated.pb.go:1261.35,1263.7 1 0
sigs.k8s.io/node-feature-discovery/pkg/apis/nfd/v1alpha1/generated.pb.go:1264.6,1265.35 2 0
sigs.k8s.io/node-feature-discovery/pkg/apis/nfd/v1alpha1/generated.pb.go:1266.11,1266.29 1 0
sigs.k8s.io/node-feature-discovery/pkg/apis/nfd/v1alpha1/generated.pb.go:1266.29,1268.41 2 0
sigs.k8s.io/node-feature-discovery/pkg/apis/nfd/v1alpha1/generated.pb.go:1268.41,1269.22 1 0
sigs.k8s.io/node-feature-discovery/pkg/apis/nfd/v1alpha1/generated.pb.go:1269.22,1271.8 1 0
sigs.k8s.io/node-feature-discovery/pkg/apis/nfd/v1alpha1/generated.pb.go:1272.7,1272.21 1 0
sigs.k8s.io/node-feature-discovery/pkg/apis/nfd/v1alpha1/generated.pb.go:1272.21,1274.8 1 0
sigs.k8s.io/node-feature-discovery/pkg/apis/nfd/v1alpha1/generated.pb.go:1275.7,1278.19 4 0
sigs.k8s.io/node-feature-discovery/pkg/apis/nfd/v1alpha1/generated.pb.go:1278.19,1279.13 1 0
sigs.k8s.io/node-feature-discovery/pkg/apis/nfd/v1alpha1/generated.pb.go:1282.6,1282.23 1 0
sigs.k8s.io/node-feature-discovery/pkg/apis/nfd/v1alpha1/generated.pb.go:1282.23,1284.7 1 0
sigs.k8s.io/node-feature-discovery/pkg/apis/nfd/v1alpha1/generated.pb.go:1285.6,1286.26 2 0
sigs.k8s.io/node-feature-discovery/pkg/apis/nfd/v1alpha1/generated.pb.go:1286.26,1288.7 1 0
sigs.k8s.io/node-feature-discovery/pkg/apis/nfd/v1alpha1/generated.pb.go:1289.6,1289.26 1 0
sigs.k8s.io/node-feature-discovery/pkg/apis/nfd/v1alpha1/generated.pb.go:1289.26,1291.7 1 0
sigs.k8s.io/node-feature-discovery/pkg/apis/nfd/v1alpha1/generated.pb.go:1292.6,1293.73 2 0
sigs.k8s.io/node-feature-discovery/pkg/apis/nfd/v1alpha1/generated.pb.go:1293.73,1295.7 1 0
sigs.k8s.io/node-feature-discovery/pkg/apis/nfd/v1alpha1/generated.pb.go:1296.6,1296.26 1 0
sigs.k8s.io/node-feature-discovery/pkg/apis/nfd/v1alpha1/generated.pb.go:1297.11,1300.20 3 0
sigs.k8s.io/node-feature-discovery/pkg/apis/nfd/v1alpha1/generated.pb.go:1300.20,1302.7 1 0
sigs.k8s.io/node-feature-discovery/pkg/apis/nfd/v1alpha1/generated.pb.go:1303.6,1303.44 1 0
sigs.k8s.io/node-feature-discovery/pkg/apis/nfd/v1alpha1/generated.pb.go:1303.44,1305.7 1 0
sigs.k8s.io/node-feature-discovery/pkg/apis/nfd/v1alpha1/generated.pb.go:1306.6,1306.38 1 0
sigs.k8s.io/node-feature-discovery/pkg/apis/nfd/v1alpha1/generated.pb.go:1306.38,1308.7 1 0
sigs.k8s.io/node-feature-discovery/pkg/apis/nfd/v1alpha1/generated.pb.go:1309.6,1309.21 1 0
sigs.k8s.io/node-feature-discovery/pkg/apis/nfd/v1alpha1/generated.pb.go:1312.4,1313.21 2 0
sigs.k8s.io/node-feature-discovery/pkg/apis/nfd/v1alpha1/generated.pb.go:1314.10,1315.21 1 0
sigs.k8s.io/node-feature-discovery/pkg/apis/nfd/v1alpha1/generated.pb.go:1315.21,1317.5 1 0
sigs.k8s.io/node-feature-discovery/pkg/apis/nfd/v1alpha1/generated.pb.go:1318.4,1319.39 2 0
sigs.k8s.io/node-feature-discovery/pkg/apis/nfd/v1alpha1/generated.pb.go:1319.39,1320.20 1 0
sigs.k8s.io/node-feature-discovery/pkg/apis/nfd/v1alpha1/generated.pb.go:1320.20,1322.6 1 0
sigs.k8s.io/node-feature-discovery/pkg/apis/nfd/v1alpha1/generated.pb.go:1323.5,1323.19 1 0
sigs.k8s.io/node-feature-discovery/pkg/apis/nfd/v1alpha1/generated.pb.go:1323.19,1325.6 1 0
sigs.k8s.io/node-feature-discovery/pkg/apis/nfd/v1alpha1/generated.pb.go:1326.5,1329.17 4 0
sigs.k8s.io/node-feature-discovery/pkg/apis/nfd/v1alpha1/generated.pb.go:1329.17,1330.11 1 0
sigs.k8s.io/node-feature-discovery/pkg/apis/nfd/v1alpha1/generated.pb.go:1333.4,1333.18 1 0
sigs.k8s.io/node-feature-discovery/pkg/apis/nfd/v1alpha1/generated.pb.go:1333.18,1335.5 1 0
sigs.k8s.io/node-feature-discovery/pkg/apis/nfd/v1alpha1/generated.pb.go:1336.4,1337.21 2 0
sigs.k8s.io/node-feature-discovery/pkg/apis/nfd/v1alpha1/generated.pb.go:1337.21,1339.5 1 0
sigs.k8s.io/node-feature-discovery/pkg/apis/nfd/v1alpha1/generated.pb.go:1340.4,1340.21 1 0
sigs.k8s.io/node-feature-discovery/pkg/apis/nfd/v1alpha1/generated.pb.go:1340.21,1342.5 1 0
sigs.k8s.io/node-feature-discovery/pkg/apis/nfd/v1alpha1/generated.pb.go:1343.4,1343.26 1 0
sigs.k8s.io/node-feature-discovery/pkg/apis/nfd/v1alpha1/generated.pb.go:1343.26,1345.5 1 0
sigs.k8s.io/node-feature-discovery/pkg/apis/nfd/v1alpha1/generated.pb.go:1346.4,1348.26 3 0
sigs.k8s.io/node-feature-discovery/pkg/apis/nfd/v1alpha1/generated.pb.go:1348.26,1351.40 3 0
sigs.k8s.io/node-feature-discovery/pkg/apis/nfd/v1alpha1/generated.pb.go:1351.40,1352.21 1 0
sigs.k8s.io/node-feature-discovery/pkg/apis/nfd/v1alpha1/generated.pb.go:1352.21,1354.7 1 0
sigs.k8s.io/node-feature-discovery/pkg/apis/nfd/v1alpha1/generated.pb.go:1355.6,1355.20 1 0
sigs.k8s.io/node-feature-discovery/pkg/apis/nfd/v1alpha1/generated.pb.go:1355.20,1357.7 1 0
sigs.k8s.io/node-feature-discovery/pkg/apis/nfd/v1alpha1/generated.pb.go:1358.6,1361.18 4 0
sigs.k8s.io/node-feature-discovery/pkg/apis/nfd/v1alpha1/generated.pb.go:1361.18,1362.12 1 0
sigs.k8s.io/node-feature-discovery/pkg/apis/nfd/v1alpha1/generated.pb.go:1365.5,1366.22 2 0
sigs.k8s.io/node-feature-discovery/pkg/apis/nfd/v1alpha1/generated.pb.go:1366.22,1368.41 2 0
sigs.k8s.io/node-feature-discovery/pkg/apis/nfd/v1alpha1/generated.pb.go:1368.41,1369.22 1 0
sigs.k8s.io/node-feature-discovery/pkg/apis/nfd/v1alpha1/generated.pb.go:1369.22,1371.8 1 0
sigs.k8s.io/node-feature-discovery/pkg/apis/nfd/v1alpha1/generated.pb.go:1372.7,1372.21 1 0
sigs.k8s.io/node-feature-discovery/pkg/apis/nfd/v1alpha1/generated.pb.go:1372.21,1374.8 1 0
sigs.k8s.io/node-feature-discovery/pkg/apis/nfd/v1alpha1/generated.pb.go:1375.7,1378.19 4 0
sigs.k8s.io/node-feature-discovery/pkg/apis/nfd/v1alpha1/generated.pb.go:1378.19,1379.13 1 0
sigs.k8s.io/node-feature-discovery/pkg/apis/nfd/v1alpha1/generated.pb.go:1382.6,1383.32 2 0
sigs.k8s.io/node-feature-discovery/pkg/apis/nfd/v1alpha1/generated.pb.go:1383.32,1385.7 1 0
sigs.k8s.io/node-feature-discovery/pkg/apis/nfd/v1alpha1/generated.pb.go:1386.6,1387.35 2 0
sigs.k8s.io/node-feature-discovery/pkg/apis/nfd/v1alpha1/generated.pb.go:1387.35,1389.7 1 0
sigs.k8s.io/node-feature-discovery/pkg/apis/nfd/v1alpha1/generated.pb.go:1390.6,1390.35 1 0
sigs.k8s.io/node-feature-discovery/pkg/apis/nfd/v1alpha1/generated.pb.go:1390.35,1392.7 1 0
sigs.k8s.io/node-feature-discovery/pkg/apis/nfd/v1alpha1/generated.pb.go:1393.6,1394.35 2 0
sigs.k8s.io/node-feature-discovery/pkg/apis/nfd/v1alpha1/generated.pb.go:1395.11,1395.29 1 0
sigs.k8s.io/node-feature-discovery/pkg/apis/nfd/v1alpha1/generated.pb.go:1395.29,1397.41 2 0
sigs.k8s.io/node-feature-discovery/pkg/apis/nfd/v1alpha1/generated.pb.go:1397.41,1398.22 1 0
sigs.k8s.io/node-feature-discovery/pkg/apis/nfd/v1alpha1/generated.pb.go:1398.22,1400.8 1 0
sigs.k8s.io/node-feature-discovery/pkg/apis/nfd/v1alpha1/generated.pb.go:1401.7,1401.21 1 0
sigs.k8s.io/node-feature-discovery/pkg/apis/nfd/v1alpha1/generated.pb.go:1401.21,1403.8 1 0
sigs.k8s.io/node-feature-discovery/pkg/apis/nfd/v1alpha1/generated.pb.go:1404.7,1407.19 4 0
sigs.k8s.io/node-feature-discovery/pkg/apis/nfd/v1alpha1/generated.pb.go:1407.19,1408.13 1 0
sigs.k8s.io/node-feature-discovery/pkg/apis/nfd/v1alpha1/generated.pb.go:1411.6,1411.23 1 0
sigs.k8s.io/node-feature-discovery/pkg/apis/nfd/v1alpha1/generated.pb.go:1411.23,1413.7 1 0
sigs.k8s.io/node-feature-discovery/pkg/apis/nfd/v1alpha1/generated.pb.go:1414.6,1415.26 2 0
sigs.k8s.io/node-feature-discovery/pkg/apis/nfd/v1alpha1/generated.pb.go:1415.26,1417.7 1 0
sigs.k8s.io/node-feature-discovery/pkg/apis/nfd/v1alpha1/generated.pb.go:1418.6,1418.26 1 0
sigs.k8s.io/node-feature-discovery/pkg/apis/nfd/v1alpha1/generated.pb.go:1418.26,1420.7 1 0
sigs.k8s.io/node-feature-discovery/pkg/apis/nfd/v1alpha1/generated.pb.go:1421.6,1422.73 2 0
sigs.k8s.io/node-feature-discovery/pkg/apis/nfd/v1alpha1/generated.pb.go:1422.73,1424.7 1 0
sigs.k8s.io/node-feature-discovery/pkg/apis/nfd/v1alpha1/generated.pb.go:1425.6,1425.26 1 0
sigs.k8s.io/node-feature-discovery/pkg/apis/nfd/v1alpha1/generated.pb.go:1426.11,1429.20 3 0
sigs.k8s.io/node-feature-discovery/pkg/apis/nfd/v1alpha1/generated.pb.go:1429.20,1431.7 1 0
sigs.k8s.io/node-feature-discovery/pkg/apis/nfd/v1alpha1/generated.pb.go:1432.6,1432.44 1 0
sigs.k8s.io/node-feature-discovery/pkg/apis/nfd/v1alpha1/generated.pb.go:1432.44,1434.7 1 0
sigs.k8s.io/node-feature-discovery/pkg/apis/nfd/v1alpha1/generated.pb.go:1435.6,1435.38 1 0
sigs.k8s.io/node-feature-discovery/pkg/apis/nfd/v1alpha1/generated.pb.go:1435.38,1437.7 1 0
sigs.k8s.io/node-feature-discovery/pkg/apis/nfd/v1alpha1/generated.pb.go:1438.6,1438.21 1 0
sigs.k8s.io/node-feature-discovery/pkg/apis/nfd/v1alpha1/generated.pb.go:1441.4,1442.21 2 0
sigs.k8s.io/node-feature-discovery/pkg/apis/nfd/v1alpha1/generated.pb.go:1443.11,1446.18 3 0
sigs.k8s.io/node-feature-discovery/pkg/apis/nfd/v1alpha1/generated.pb.go:1446.18,1448.5 1 0
sigs.k8s.io/node-feature-discovery/pkg/apis/nfd/v1alpha1/generated.pb.go:1449.4,1449.42 1 0
sigs.k8s.io/node-feature-discovery/pkg/apis/nfd/v1alpha1/generated.pb.go:1449.42,1451.5 1 0
sigs.k8s.io/node-feature-discovery/pkg/apis/nfd/v1alpha1/generated.pb.go:1452.4,1452.28 1 0
sigs.k8s.io/node-feature-discovery/pkg/apis/nfd/v1alpha1/generated.pb.go:1452.28,1454.5 1 0
sigs.k8s.io/node-feature-discovery/pkg/apis/nfd/v1alpha1/generated.pb.go:1455.4,1455.19 1 0
sigs.k8s.io/node-feature-discovery/pkg/apis/nfd/v1alpha1/generated.pb.go:1459.2,1459.15 1 0
sigs.k8s.io/node-feature-discovery/pkg/apis/nfd/v1alpha1/generated.pb.go:1459.15,1461.3 1 0
sigs.k8s.io/node-feature-discovery/pkg/apis/nfd/v1alpha1/generated.pb.go:1462.2,1462.12 1 0
sigs.k8s.io/node-feature-discovery/pkg/apis/nfd/v1alpha1/generated.pb.go:1464.55,1467.16 3 0
sigs.k8s.io/node-feature-discovery/pkg/apis/nfd/v1alpha1/generated.pb.go:1467.16,1470.38 3 0
sigs.k8s.io/node-feature-discovery/pkg/apis/nfd/v1alpha1/generated.pb.go:1470.38,1471.19 1 0
sigs.k8s.io/node-feature-discovery/pkg/apis/nfd/v1alpha1/generated.pb.go:1471.19,1473.5 1 0
sigs.k8s.io/node-feature-discovery/pkg/apis/nfd/v1alpha1/generated.pb.go:1474.4,1474.18 1 0
sigs.k8s.io/node-feature-discovery/pkg/apis/nfd/v1alpha1/generated.pb.go:1474.18,1476.5 1 0
sigs.k8s.io/node-feature-discovery/pkg/apis/nfd/v1alpha1/generated.pb.go:1477.4,1480.16 4 0
sigs.k8s.io/node-feature-discovery/pkg/apis/nfd/v1alpha1/generated.pb.go:1480.16,1481.10 1 0
sigs.k8s.io/node-feature-discovery/pkg/apis/nfd/v1alpha1/generated.pb.go:1484.3,1486.20 3 0
sigs.k8s.io/node-feature-discovery/pkg/apis/nfd/v1alpha1/generated.pb.go:1486.20,1488.4 1 0
sigs.k8s.io/node-feature-discovery/pkg/apis/nfd/v1alpha1/generated.pb.go:1489.3,1489.20 1 0
sigs.k8s.io/node-feature-discovery/pkg/apis/nfd/v1alpha1/generated.pb.go:1489.20,1491.4 1 0
sigs.k8s.io/node-feature-discovery/pkg/apis/nfd/v1alpha1/generated.pb.go:1492.3,1492.19 1 0
sigs.k8s.io/node-feature-discovery/pkg/apis/nfd/v1alpha1/generated.pb.go:1493.10,1494.21 1 0
sigs.k8s.io/node-feature-discovery/pkg/apis/nfd/v1alpha1/generated.pb.go:1494.21,1496.5 1 0
sigs.k8s.io/node-feature-discovery/pkg/apis/nfd/v1alpha1/generated.pb.go:1497.4,1498.39 2 0
sigs.k8s.io/node-feature-discovery/pkg/apis/nfd/v1alpha1/generated.pb.go:1498.39,1499.20 1 0
sigs.k8s.io/node-feature-discovery/pkg/apis/nfd/v1alpha1/generated.pb.go:1499.20,1501.6 1 0
sigs.k8s.io/node-feature-discovery/pkg/apis/nfd/v1alpha1/generated.pb.go:1502.5,1502.19 1 0
sigs.k8s.io/node-feature-discovery/pkg/apis/nfd/v1alpha1/generated.pb.go:1502.19,1504.6 1 0
sigs.k8s.io/node-feature-discovery/pkg/apis/nfd/v1alpha1/generated.pb.go:1505.5,1508.17 4 0
sigs.k8s.io/node-feature-discovery/pkg/apis/nfd/v1alpha1/generated.pb.go:1508.17,1509.11 1 0
sigs.k8s.io/node-feature-discovery/pkg/apis/nfd/v1alpha1/generated.pb.go:1512.4,1512.18 1 0
sigs.k8s.io/node-feature-discovery/pkg/apis/nfd/v1alpha1/generated.pb.go:1512.18,1514.5 1 0
sigs.k8s.io/node-feature-discovery/pkg/apis/nfd/v1alpha1/generated.pb.go:1515.4,1516.21 2 0
sigs.k8s.io/node-feature-discovery/pkg/apis/nfd/v1alpha1/generated.pb.go:1516.21,1518.5 1 0
sigs.k8s.io/node-feature-discovery/pkg/apis/nfd/v1alpha1/generated.pb.go:1519.4,1519.21 1 0
sigs.k8s.io/node-feature-discovery/pkg/apis/nfd/v1alpha1/generated.pb.go:1519.21,1521.5 1 0
sigs.k8s.io/node-feature-discovery/pkg/apis/nfd/v1alpha1/generated.pb.go:1522.4,1522.25 1 0
sigs.k8s.io/node-feature-discovery/pkg/apis/nfd/v1alpha1/generated.pb.go:1522.25,1524.5 1 0
sigs.k8s.io/node-feature-discovery/pkg/apis/nfd/v1alpha1/generated.pb.go:1525.4,1527.26 3 0
sigs.k8s.io/node-feature-discovery/pkg/apis/nfd/v1alpha1/generated.pb.go:1527.26,1530.40 3 0
sigs.k8s.io/node-feature-discovery/pkg/apis/nfd/v1alpha1/generated.pb.go:1530.40,1531.21 1 0
sigs.k8s.io/node-feature-discovery/pkg/apis/nfd/v1alpha1/generated.pb.go:1531.21,1533.7 1 0
sigs.k8s.io/node-feature-discovery/pkg/apis/nfd/v1alpha1/generated.pb.go:1534.6,1534.20 1 0
sigs.k8s.io/node-feature-discovery/pkg/apis/nfd/v1alpha1/generated.pb.go:1534.20,1536.7 1 0
sigs.k8s.io/node-feature-discovery/pkg/apis/nfd/v1alpha1/generated.pb.go:1537.6,1540.18 4 0
sigs.k8s.io/node-feature-discovery/pkg/apis/nfd/v1alpha1/generated.pb.go:1540.18,1541.12 1 0
sigs.k8s.io/node-feature-discovery/pkg/apis/nfd/v1alpha1/generated.pb.go:1544.5,1545.22 2 0
sigs.k8s.io/node-feature-discovery/pkg/apis/nfd/v1alpha1/generated.pb.go:1545.22,1547.41 2 0
sigs.k8s.io/node-feature-discovery/pkg/apis/nfd/v1alpha1/generated.pb.go:1547.41,1548.22 1 0
sigs.k8s.io/node-feature-discovery/pkg/apis/nfd/v1alpha1/generated.pb.go:1548.22,1550.8 1 0
sigs.k8s.io/node-feature-discovery/pkg/apis/nfd/v1alpha1/generated.pb.go:1551.7,1551.21 1 0
sigs.k8s.io/node-feature-discovery/pkg/apis/nfd/v1alpha1/generated.pb.go:1551.21,1553.8 1 0
sigs.k8s.io/node-feature-discovery/pkg/apis/nfd/v1alpha1/generated.pb.go:1554.7,1557.19 4 0
sigs.k8s.io/node-feature-discovery/pkg/apis/nfd/v1alpha1/generated.pb.go:1557.19,1558.13 1 0
sigs.k8s.io/node-feature-discovery/pkg/apis/nfd/v1alpha1/generated.pb.go:1561.6,1562.32 2 0
sigs.k8s.io/node-feature-discovery/pkg/apis/nfd/v1alpha1/generated.pb.go:1562.32,1564.7 1 0
sigs.k8s.io/node-feature-discovery/pkg/apis/nfd/v1alpha1/generated.pb.go:1565.6,1566.35 2 0
sigs.k8s.io/node-feature-discovery/pkg/apis/nfd/v1alpha1/generated.pb.go:1566.35,1568.7 1 0
sigs.k8s.io/node-feature-discovery/pkg/apis/nfd/v1alpha1/generated.pb.go:1569.6,1569.35 1 0
sigs.k8s.io/node-feature-discovery/pkg/apis/nfd/v1alpha1/generated.pb.go:1569.35,1571.7 1 0
sigs.k8s.io/node-feature-discovery/pkg/apis/nfd/v1alpha1/generated.pb.go:1572.6,1573.35 2 0
sigs.k8s.io/node-feature-discovery/pkg/apis/nfd/v1alpha1/generated.pb.go:1574.11,1574.29 1 0
sigs.k8s.io/node-feature-discovery/pkg/apis/nfd/v1alpha1/generated.pb.go:1574.29,1576.41 2 0
sigs.k8s.io/node-feature-discovery/pkg/apis/nfd/v1alpha1/generated.pb.go:1576.41,1577.22 1 0
sigs.k8s.io/node-feature-discovery/pkg/apis/nfd/v1alpha1/generated.pb.go:1577.22,1579.8 1 0
sigs.k8s.io/node-feature-discovery/pkg/apis/nfd/v1alpha1/generated.pb.go:1580.7,1580.21 1 0
sigs.k8s.io/node-feature-discovery/pkg/apis/nfd/v1alpha1/generated.pb.go:1580.21,1582.8 1 0
sigs.k8s.io/node-feature-discovery/pkg/apis/nfd/v1alpha1/generated.pb.go:1583.7,1586.19 4 0
sigs.k8s.io/node-feature-discovery/pkg/apis/nfd/v1alpha1/generated.pb.go:1586.19,1587.13 1 0
sigs.k8s.io/node-feature-discovery/pkg/apis/nfd/v1alpha1/generated.pb.go:1590.6,1590.23 1 0
sigs.k8s.io/node-feature-discovery/pkg/apis/nfd/v1alpha1/generated.pb.go:1590.23,1592.7 1 0
sigs.k8s.io/node-feature-discovery/pkg/apis/nfd/v1alpha1/generated.pb.go:1593.6,1594.26 2 0
sigs.k8s.io/node-feature-discovery/pkg/apis/nfd/v1alpha1/generated.pb.go:1594.26,1596.7 1 0
sigs.k8s.io/node-feature-discovery/pkg/apis/nfd/v1alpha1/generated.pb.go:1597.6,1597.26 1 0
sigs.k8s.io/node-feature-discovery/pkg/apis/nfd/v1alpha1/generated.pb.go:1597.26,1599.7 1 0
sigs.k8s.io/node-feature-discovery/pkg/apis/nfd/v1alpha1/generated.pb.go:1600.6,1601.73 2 0
sigs.k8s.io/node-feature-discovery/pkg/apis/nfd/v1alpha1/generated.pb.go:1601.73,1603.7 1 0
sigs.k8s.io/node-feature-discovery/pkg/apis/nfd/v1alpha1/generated.pb.go:1604.6,1604.26 1 0
sigs.k8s.io/node-feature-discovery/pkg/apis/nfd/v1alpha1/generated.pb.go:1605.11,1608.20 3 0
sigs.k8s.io/node-feature-discovery/pkg/apis/nfd/v1alpha1/generated.pb.go:1608.20,1610.7 1 0
sigs.k8s.io/node-feature-discovery/pkg/apis/nfd/v1alpha1/generated.pb.go:1611.6,1611.44 1 0
sigs.k8s.io/node-feature-discovery/pkg/apis/nfd/v1alpha1/generated.pb.go:1611.44,1613.7 1 0
sigs.k8s.io/node-feature-discovery/pkg/apis/nfd/v1alpha1/generated.pb.go:1614.6,1614.38 1 0
sigs.k8s.io/node-feature-discovery/pkg/apis/nfd/v1alpha1/generated.pb.go:1614.38,1616.7 1 0
sigs.k8s.io/node-feature-discovery/pkg/apis/nfd/v1alpha1/generated.pb.go:1617.6,1617.21 1 0
sigs.k8s.io/node-feature-discovery/pkg/apis/nfd/v1alpha1/generated.pb.go:1620.4,1621.21 2 0
sigs.k8s.io/node-feature-discovery/pkg/apis/nfd/v1alpha1/generated.pb.go:1622.11,1625.18 3 0
sigs.k8s.io/node-feature-discovery/pkg/apis/nfd/v1alpha1/generated.pb.go:1625.18,1627.5 1 0
sigs.k8s.io/node-feature-discovery/pkg/apis/nfd/v1alpha1/generated.pb.go:1628.4,1628.42 1 0
sigs.k8s.io/node-feature-discovery/pkg/apis/nfd/v1alpha1/generated.pb.go:1628.42,1630.5 1 0
sigs.k8s.io/node-feature-discovery/pkg/apis/nfd/v1alpha1/generated.pb.go:1631.4,1631.28 1 0
sigs.k8s.io/node-feature-discovery/pkg/apis/nfd/v1alpha1/generated.pb.go:1631.28,1633.5 1 0
sigs.k8s.io/node-feature-discovery/pkg/apis/nfd/v1alpha1/generated.pb.go:1634.4,1634.19 1 0
sigs.k8s.io/node-feature-discovery/pkg/apis/nfd/v1alpha1/generated.pb.go:1638.2,1638.15 1 0
sigs.k8s.io/node-feature-discovery/pkg/apis/nfd/v1alpha1/generated.pb.go:1638.15,1640.3 1 0
sigs.k8s.io/node-feature-discovery/pkg/apis/nfd/v1alpha1/generated.pb.go:1641.2,1641.12 1 0
sigs.k8s.io/node-feature-discovery/pkg/apis/nfd/v1alpha1/generated.pb.go:1643.56,1646.16 3 0
sigs.k8s.io/node-feature-discovery/pkg/apis/nfd/v1alpha1/generated.pb.go:1646.16,1649.38 3 0
sigs.k8s.io/node-feature-discovery/pkg/apis/nfd/v1alpha1/generated.pb.go:1649.38,1650.19 1 0
sigs.k8s.io/node-feature-discovery/pkg/apis/nfd/v1alpha1/generated.pb.go:1650.19,1652.5 1 0
[...]
sigs.k8s.io/node-feature-discovery/source/kernel/kernel.go:157.23,159.3 1 1
sigs.k8s.io/node-feature-discovery/source/kernel/kernel.go:160.2,160.19 1 1
sigs.k8s.io/node-feature-discovery/source/kernel/kernel.go:163.43,165.2 1 0
sigs.k8s.io/node-feature-discovery/source/kernel/kernel.go:167.13,169.2 1 1
sigs.k8s.io/node-feature-discovery/source/kernel/modules.go:27.43,29.16 2 0
sigs.k8s.io/node-feature-discovery/source/kernel/modules.go:29.16,31.3 1 0
sigs.k8s.io/node-feature-discovery/source/kernel/modules.go:33.2,35.29 3 0
sigs.k8s.io/node-feature-discovery/source/kernel/modules.go:35.29,37.21 1 0
sigs.k8s.io/node-feature-discovery/source/kernel/modules.go:37.21,38.12 1 0
sigs.k8s.io/node-feature-discovery/source/kernel/modules.go:41.3,41.59 1 0
sigs.k8s.io/node-feature-discovery/source/kernel/modules.go:43.2,43.24 1 0
sigs.k8s.io/node-feature-discovery/source/kernel/selinux.go:30.37,32.46 2 0
sigs.k8s.io/node-feature-discovery/source/kernel/selinux.go:32.46,34.3 1 0
sigs.k8s.io/node-feature-discovery/source/kernel/selinux.go:36.2,37.56 2 0
sigs.k8s.io/node-feature-discovery/source/kernel/selinux.go:37.56,40.3 2 0
sigs.k8s.io/node-feature-discovery/source/kernel/selinux.go:42.2,43.16 2 0
sigs.k8s.io/node-feature-discovery/source/kernel/selinux.go:43.16,45.3 1 0
sigs.k8s.io/node-feature-discovery/source/kernel/selinux.go:46.2,46.28 1 0
sigs.k8s.io/node-feature-discovery/source/kernel/selinux.go:46.28,49.3 1 0
sigs.k8s.io/node-feature-discovery/source/kernel/selinux.go:50.2,50.19 1 0
sigs.k8s.io/node-feature-discovery/source/kernel/version.go:26.48,30.16 3 0
sigs.k8s.io/node-feature-discovery/source/kernel/version.go:30.16,32.3 1 0
sigs.k8s.io/node-feature-discovery/source/kernel/version.go:35.2,44.48 6 0
sigs.k8s.io/node-feature-discovery/source/kernel/version.go:44.48,45.41 1 0
sigs.k8s.io/node-feature-discovery/source/kernel/version.go:45.41,46.28 1 0
sigs.k8s.io/node-feature-discovery/source/kernel/version.go:46.28,48.5 1 0
sigs.k8s.io/node-feature-discovery/source/kernel/version.go:52.2,52.21 1 0
sigs.k8s.io/node-feature-discovery/source/kernel/version.go:55.35,57.16 2 0
sigs.k8s.io/node-feature-discovery/source/kernel/version.go:57.16,59.3 1 0
sigs.k8s.io/node-feature-discovery/source/kernel/version.go:60.2,60.49 1 0
sigs.k8s.io/node-feature-discovery/source/pci/pci.go:43.33,48.2 1 1
sigs.k8s.io/node-feature-discovery/source/pci/pci.go:65.35,65.50 1 1
sigs.k8s.io/node-feature-discovery/source/pci/pci.go:68.47,68.76 1 0
sigs.k8s.io/node-feature-discovery/source/pci/pci.go:71.47,71.66 1 0
sigs.k8s.io/node-feature-discovery/source/pci/pci.go:74.51,75.26 1 0
sigs.k8s.io/node-feature-discovery/source/pci/pci.go:76.15,77.15 1 0
sigs.k8s.io/node-feature-discovery/source/pci/pci.go:78.10,79.47 1 0
sigs.k8s.io/node-feature-discovery/source/pci/pci.go:84.36,84.48 1 0
sigs.k8s.io/node-feature-discovery/source/pci/pci.go:87.63,94.51 5 1
sigs.k8s.io/node-feature-discovery/source/pci/pci.go:94.51,96.3 1 1
sigs.k8s.io/node-feature-discovery/source/pci/pci.go:98.2,98.41 1 1
sigs.k8s.io/node-feature-discovery/source/pci/pci.go:98.41,99.43 1 1
sigs.k8s.io/node-feature-discovery/source/pci/pci.go:99.43,102.4 2 1
sigs.k8s.io/node-feature-discovery/source/pci/pci.go:104.2,104.32 1 1
sigs.k8s.io/node-feature-discovery/source/pci/pci.go:104.32,106.38 2 0
sigs.k8s.io/node-feature-discovery/source/pci/pci.go:106.38,108.4 1 0
sigs.k8s.io/node-feature-discovery/source/pci/pci.go:109.3,109.99 1 0
sigs.k8s.io/node-feature-discovery/source/pci/pci.go:111.2,111.33 1 1
sigs.k8s.io/node-feature-discovery/source/pci/pci.go:111.33,114.3 2 0
sigs.k8s.io/node-feature-discovery/source/pci/pci.go:117.2,117.65 1 1
sigs.k8s.io/node-feature-discovery/source/pci/pci.go:117.65,120.55 3 0
sigs.k8s.io/node-feature-discovery/source/pci/pci.go:120.55,121.64 1 0
sigs.k8s.io/node-feature-discovery/source/pci/pci.go:121.64,123.44 2 0
sigs.k8s.io/node-feature-discovery/source/pci/pci.go:123.44,125.38 2 0
sigs.k8s.io/node-feature-discovery/source/pci/pci.go:125.38,127.7 1 0
sigs.k8s.io/node-feature-discovery/source/pci/pci.go:129.5,131.45 2 0
sigs.k8s.io/node-feature-discovery/source/pci/pci.go:131.45,133.6 1 0
sigs.k8s.io/node-feature-discovery/source/pci/pci.go:134.5,134.10 1 0
sigs.k8s.io/node-feature-discovery/source/pci/pci.go:138.2,138.20 1 1
sigs.k8s.io/node-feature-discovery/source/pci/pci.go:142.38,146.16 3 0
sigs.k8s.io/node-feature-discovery/source/pci/pci.go:146.16,148.3 1 0
sigs.k8s.io/node-feature-discovery/source/pci/pci.go:149.2,153.12 3 0
sigs.k8s.io/node-feature-discovery/source/pci/pci.go:157.57,158.23 1 1
sigs.k8s.io/node-feature-discovery/source/pci/pci.go:158.23,160.3 1 1
sigs.k8s.io/node-feature-discovery/source/pci/pci.go:161.2,161.19 1 1
sigs.k8s.io/node-feature-discovery/source/pci/pci.go:164.13,166.2 1 1
sigs.k8s.io/node-feature-discovery/source/pci/utils.go:36.78,38.16 2 0
sigs.k8s.io/node-feature-discovery/source/pci/utils.go:38.16,40.3 1 0
sigs.k8s.io/node-feature-discovery/source/pci/utils.go:42.2,44.45 2 0
sigs.k8s.io/node-feature-discovery/source/pci/utils.go:44.45,48.3 1 0
sigs.k8s.io/node-feature-discovery/source/pci/utils.go:49.2,49.21 1 0
sigs.k8s.io/node-feature-discovery/source/pci/utils.go:53.75,55.41 2 0
sigs.k8s.io/node-feature-discovery/source/pci/utils.go:55.41,57.17 2 0
sigs.k8s.io/node-feature-discovery/source/pci/utils.go:57.17,59.4 1 0
sigs.k8s.io/node-feature-discovery/source/pci/utils.go:60.3,60.24 1 0
sigs.k8s.io/node-feature-discovery/source/pci/utils.go:62.2,62.40 1 0
sigs.k8s.io/node-feature-discovery/source/pci/utils.go:62.40,64.17 2 0
sigs.k8s.io/node-feature-discovery/source/pci/utils.go:64.17,66.4 1 0
sigs.k8s.io/node-feature-discovery/source/pci/utils.go:68.2,68.51 1 0
sigs.k8s.io/node-feature-discovery/source/pci/utils.go:73.57,77.16 3 0
sigs.k8s.io/node-feature-discovery/source/pci/utils.go:77.16,79.3 1 0
sigs.k8s.io/node-feature-discovery/source/pci/utils.go:82.2,83.33 2 0
sigs.k8s.io/node-feature-discovery/source/pci/utils.go:83.33,85.17 2 0
sigs.k8s.io/node-feature-discovery/source/pci/utils.go:85.17,87.12 2 0
sigs.k8s.io/node-feature-discovery/source/pci/utils.go:89.3,89.35 1 0
sigs.k8s.io/node-feature-discovery/source/pci/utils.go:92.2,92.21 1 0
sigs.k8s.io/node-feature-discovery/source/network/network.go:61.39,61.54 1 1
sigs.k8s.io/node-feature-discovery/source/network/network.go:64.40,64.52 1 0
sigs.k8s.io/node-feature-discovery/source/network/network.go:67.67,71.65 3 1
sigs.k8s.io/node-feature-discovery/source/network/network.go:71.65,75.42 2 0
sigs.k8s.io/node-feature-discovery/source/network/network.go:75.42,77.32 1 0
sigs.k8s.io/node-feature-discovery/source/network/network.go:77.32,79.19 2 0
sigs.k8s.io/node-feature-discovery/source/network/network.go:79.19,81.14 2 0
sigs.k8s.io/node-feature-discovery/source/network/network.go:83.5,83.14 1 0
sigs.k8s.io/node-feature-discovery/source/network/network.go:83.14,85.6 1 0
sigs.k8s.io/node-feature-discovery/source/network/network.go:89.2,89.20 1 1
sigs.k8s.io/node-feature-discovery/source/network/network.go:93.42,97.16 3 0
sigs.k8s.io/node-feature-discovery/source/network/network.go:97.16,99.3 1 0
sigs.k8s.io/node-feature-discovery/source/network/network.go:100.2,104.12 3 0
sigs.k8s.io/node-feature-discovery/source/network/network.go:108.61,109.23 1 1
sigs.k8s.io/node-feature-discovery/source/network/network.go:109.23,111.3 1 1
sigs.k8s.io/node-feature-discovery/source/network/network.go:112.2,112.19 1 1
sigs.k8s.io/node-feature-discovery/source/network/network.go:115.64,119.16 3 0
sigs.k8s.io/node-feature-discovery/source/network/network.go:119.16,121.3 1 0
sigs.k8s.io/node-feature-discovery/source/network/network.go:124.2,125.31 2 0
sigs.k8s.io/node-feature-discovery/source/network/network.go:125.31,127.82 2 0
sigs.k8s.io/node-feature-discovery/source/network/network.go:127.82,129.4 1 0
sigs.k8s.io/node-feature-discovery/source/network/network.go:129.9,129.33 1 0
sigs.k8s.io/node-feature-discovery/source/network/network.go:129.33,131.4 1 0
sigs.k8s.io/node-feature-discovery/source/network/network.go:134.2,134.18 1 0
sigs.k8s.io/node-feature-discovery/source/network/network.go:137.61,139.38 2 0
sigs.k8s.io/node-feature-discovery/source/network/network.go:139.38,141.17 2 0
sigs.k8s.io/node-feature-discovery/source/network/network.go:141.17,142.27 1 0
sigs.k8s.io/node-feature-discovery/source/network/network.go:142.27,144.5 1 0
sigs.k8s.io/node-feature-discovery/source/network/network.go:145.4,145.12 1 0
sigs.k8s.io/node-feature-discovery/source/network/network.go:147.3,147.52 1 0
sigs.k8s.io/node-feature-discovery/source/network/network.go:150.2,150.36 1 0
sigs.k8s.io/node-feature-discovery/source/network/network.go:150.36,152.17 2 0
sigs.k8s.io/node-feature-discovery/source/network/network.go:152.17,153.27 1 0
sigs.k8s.io/node-feature-discovery/source/network/network.go:153.27,155.5 1 0
sigs.k8s.io/node-feature-discovery/source/network/network.go:156.4,156.12 1 0
sigs.k8s.io/node-feature-discovery/source/network/network.go:158.3,158.52 1 0
sigs.k8s.io/node-feature-discovery/source/network/network.go:161.2,161.47 1 0
sigs.k8s.io/node-feature-discovery/source/network/network.go:165.13,167.2 1 1
sigs.k8s.io/node-feature-discovery/source/memory/memory.go:56.38,56.53 1 1
sigs.k8s.io/node-feature-discovery/source/memory/memory.go:59.39,59.51 1 0
sigs.k8s.io/node-feature-discovery/source/memory/memory.go:62.66,67.96 3 1
sigs.k8s.io/node-feature-discovery/source/memory/memory.go:67.96,69.3 1 0
sigs.k8s.io/node-feature-discovery/source/memory/memory.go:72.2,72.53 1 1
sigs.k8s.io/node-feature-discovery/source/memory/memory.go:72.53,74.3 1 0
sigs.k8s.io/node-feature-discovery/source/memory/memory.go:75.2,75.61 1 1
sigs.k8s.io/node-feature-discovery/source/memory/memory.go:75.61,76.44 1 0
sigs.k8s.io/node-feature-discovery/source/memory/memory.go:76.44,78.9 2 0
sigs.k8s.io/node-feature-discovery/source/memory/memory.go:82.2,82.20 1 1
sigs.k8s.io/node-feature-discovery/source/memory/memory.go:86.41,90.43 2 0
sigs.k8s.io/node-feature-discovery/source/memory/memory.go:90.43,92.3 1 0
sigs.k8s.io/node-feature-discovery/source/memory/memory.go:92.8,94.3 1 0
sigs.k8s.io/node-feature-discovery/source/memory/memory.go:97.2,97.39 1 0
sigs.k8s.io/node-feature-discovery/source/memory/memory.go:97.39,99.3 1 0
sigs.k8s.io/node-feature-discovery/source/memory/memory.go:99.8,101.3 1 0
sigs.k8s.io/node-feature-discovery/source/memory/memory.go:103.2,105.12 2 0
sigs.k8s.io/node-feature-discovery/source/memory/memory.go:109.60,110.23 1 1
sigs.k8s.io/node-feature-discovery/source/memory/memory.go:110.23,112.3 1 1
sigs.k8s.io/node-feature-discovery/source/memory/memory.go:113.2,113.19 1 1
sigs.k8s.io/node-feature-discovery/source/memory/memory.go:117.46,121.16 3 0
sigs.k8s.io/node-feature-discovery/source/memory/memory.go:121.16,123.3 1 0
sigs.k8s.io/node-feature-discovery/source/memory/memory.go:125.2,128.8 1 0
sigs.k8s.io/node-feature-discovery/source/memory/memory.go:132.56,137.24 4 0
sigs.k8s.io/node-feature-discovery/source/memory/memory.go:137.24,140.3 2 0
sigs.k8s.io/node-feature-discovery/source/memory/memory.go:140.8,140.23 1 0
sigs.k8s.io/node-feature-discovery/source/memory/memory.go:140.23,142.3 1 0
sigs.k8s.io/node-feature-discovery/source/memory/memory.go:145.2,145.33 1 0
sigs.k8s.io/node-feature-discovery/source/memory/memory.go:145.33,148.3 2 0
sigs.k8s.io/node-feature-discovery/source/memory/memory.go:150.2,150.18 1 0
sigs.k8s.io/node-feature-discovery/source/memory/memory.go:156.64,158.38 2 0
sigs.k8s.io/node-feature-discovery/source/memory/memory.go:158.38,160.17 2 0
sigs.k8s.io/node-feature-discovery/source/memory/memory.go:160.17,162.12 2 0
sigs.k8s.io/node-feature-discovery/source/memory/memory.go:164.3,164.52 1 0
sigs.k8s.io/node-feature-discovery/source/memory/memory.go:166.2,166.47 1 0
sigs.k8s.io/node-feature-discovery/source/memory/memory.go:169.13,171.2 1 1
sigs.k8s.io/node-feature-discovery/source/storage/storage.go:54.39,54.54 1 1
sigs.k8s.io/node-feature-discovery/source/storage/storage.go:57.40,57.52 1 0
sigs.k8s.io/node-feature-discovery/source/storage/storage.go:60.67,64.64 3 1
sigs.k8s.io/node-feature-discovery/source/storage/storage.go:64.64,65.42 1 0
sigs.k8s.io/node-feature-discovery/source/storage/storage.go:65.42,67.9 2 0
sigs.k8s.io/node-feature-discovery/source/storage/storage.go:71.2,71.20 1 1
sigs.k8s.io/node-feature-discovery/source/storage/storage.go:75.42,79.16 3 0
sigs.k8s.io/node-feature-discovery/source/storage/storage.go:79.16,81.3 1 0
sigs.k8s.io/node-feature-discovery/source/storage/storage.go:82.2,86.12 3 0
sigs.k8s.io/node-feature-discovery/source/storage/storage.go:90.61,91.23 1 1
sigs.k8s.io/node-feature-discovery/source/storage/storage.go:91.23,93.3 1 1
sigs.k8s.io/node-feature-discovery/source/storage/storage.go:94.2,94.19 1 1
sigs.k8s.io/node-feature-discovery/source/storage/storage.go:97.59,101.16 3 0
sigs.k8s.io/node-feature-discovery/source/storage/storage.go:101.16,103.3 1 0
sigs.k8s.io/node-feature-discovery/source/storage/storage.go:106.2,107.38 2 0
sigs.k8s.io/node-feature-discovery/source/storage/storage.go:107.38,109.3 1 0
sigs.k8s.io/node-feature-discovery/source/storage/storage.go:111.2,111.18 1 0
sigs.k8s.io/node-feature-discovery/source/storage/storage.go:114.70,116.38 2 0
sigs.k8s.io/node-feature-discovery/source/storage/storage.go:116.38,118.17 2 0
sigs.k8s.io/node-feature-discovery/source/storage/storage.go:118.17,120.12 2 0
sigs.k8s.io/node-feature-discovery/source/storage/storage.go:122.3,122.52 1 0
sigs.k8s.io/node-feature-discovery/source/storage/storage.go:124.2,124.46 1 0
sigs.k8s.io/node-feature-discovery/source/storage/storage.go:127.13,129.2 1 1
sigs.k8s.io/node-feature-discovery/source/system/system.go:60.38,60.53 1 1
sigs.k8s.io/node-feature-discovery/source/system/system.go:63.39,63.51 1 0
sigs.k8s.io/node-feature-discovery/source/system/system.go:66.66,70.38 3 1
sigs.k8s.io/node-feature-discovery/source/system/system.go:70.38,71.83 1 1
sigs.k8s.io/node-feature-discovery/source/system/system.go:71.83,74.4 2 0
sigs.k8s.io/node-feature-discovery/source/system/system.go:76.2,76.20 1 1
sigs.k8s.io/node-feature-discovery/source/system/system.go:80.41,89.16 5 0
sigs.k8s.io/node-feature-discovery/source/system/system.go:89.16,91.3 1 0
sigs.k8s.io/node-feature-discovery/source/system/system.go:91.8,94.41 2 0
sigs.k8s.io/node-feature-discovery/source/system/system.go:94.41,96.52 2 0
sigs.k8s.io/node-feature-discovery/source/system/system.go:96.52,97.23 1 0
sigs.k8s.io/node-feature-discovery/source/system/system.go:97.23,99.6 1 0
sigs.k8s.io/node-feature-discovery/source/system/system.go:104.2,106.12 2 0
sigs.k8s.io/node-feature-discovery/source/system/system.go:110.60,111.23 1 1
sigs.k8s.io/node-feature-discovery/source/system/system.go:111.23,113.3 1 1
sigs.k8s.io/node-feature-discovery/source/system/system.go:114.2,114.19 1 1
sigs.k8s.io/node-feature-discovery/source/system/system.go:118.50,122.16 3 0
sigs.k8s.io/node-feature-discovery/source/system/system.go:122.16,124.3 1 0
sigs.k8s.io/node-feature-discovery/source/system/system.go:126.2,130.15 3 0
sigs.k8s.io/node-feature-discovery/source/system/system.go:130.15,132.49 2 0
sigs.k8s.io/node-feature-discovery/source/system/system.go:132.49,134.4 1 0
sigs.k8s.io/node-feature-discovery/source/system/system.go:137.2,137.21 1 0
sigs.k8s.io/node-feature-discovery/source/system/system.go:142.53,146.51 3 0
sigs.k8s.io/node-feature-discovery/source/system/system.go:146.51,147.41 1 0
sigs.k8s.io/node-feature-discovery/source/system/system.go:147.41,148.28 1 0
sigs.k8s.io/node-feature-discovery/source/system/system.go:148.28,150.5 1 0
sigs.k8s.io/node-feature-discovery/source/system/system.go:153.2,153.19 1 0
sigs.k8s.io/node-feature-discovery/source/system/system.go:156.13,158.2 1 1
sigs.k8s.io/node-feature-discovery/source/usb/usb.go:41.33,49.2 1 1
sigs.k8s.io/node-feature-discovery/source/usb/usb.go:51.42,51.90 1 1
sigs.k8s.io/node-feature-discovery/source/usb/usb.go:68.35,68.50 1 1
sigs.k8s.io/node-feature-discovery/source/usb/usb.go:71.47,71.76 1 0
sigs.k8s.io/node-feature-discovery/source/usb/usb.go:74.47,74.66 1 0
sigs.k8s.io/node-feature-discovery/source/usb/usb.go:77.51,78.26 1 0
sigs.k8s.io/node-feature-discovery/source/usb/usb.go:79.15,80.15 1 0
sigs.k8s.io/node-feature-discovery/source/usb/usb.go:81.10,82.47 1 0
sigs.k8s.io/node-feature-discovery/source/usb/usb.go:87.36,87.48 1 0
sigs.k8s.io/node-feature-discovery/source/usb/usb.go:90.63,97.51 5 1
sigs.k8s.io/node-feature-discovery/source/usb/usb.go:97.51,99.3 1 1
sigs.k8s.io/node-feature-discovery/source/usb/usb.go:101.2,101.32 1 1
sigs.k8s.io/node-feature-discovery/source/usb/usb.go:101.32,102.43 1 1
sigs.k8s.io/node-feature-discovery/source/usb/usb.go:102.43,105.4 2 1
sigs.k8s.io/node-feature-discovery/source/usb/usb.go:107.2,107.32 1 1
sigs.k8s.io/node-feature-discovery/source/usb/usb.go:107.32,109.38 2 0
sigs.k8s.io/node-feature-discovery/source/usb/usb.go:109.38,111.4 1 0
sigs.k8s.io/node-feature-discovery/source/usb/usb.go:112.3,112.99 1 0
sigs.k8s.io/node-feature-discovery/source/usb/usb.go:114.2,114.33 1 1
sigs.k8s.io/node-feature-discovery/source/usb/usb.go:114.33,117.3 2 0
sigs.k8s.io/node-feature-discovery/source/usb/usb.go:120.2,120.65 1 1
sigs.k8s.io/node-feature-discovery/source/usb/usb.go:120.65,123.55 3 0
sigs.k8s.io/node-feature-discovery/source/usb/usb.go:123.55,124.64 1 0
sigs.k8s.io/node-feature-discovery/source/usb/usb.go:124.64,126.44 2 0
sigs.k8s.io/node-feature-discovery/source/usb/usb.go:126.44,128.38 2 0
sigs.k8s.io/node-feature-discovery/source/usb/usb.go:128.38,130.7 1 0
sigs.k8s.io/node-feature-discovery/source/usb/usb.go:132.5,133.10 2 0
sigs.k8s.io/node-feature-discovery/source/usb/usb.go:137.2,137.20 1 1
sigs.k8s.io/node-feature-discovery/source/usb/usb.go:141.38,145.16 3 0
sigs.k8s.io/node-feature-discovery/source/usb/usb.go:145.16,147.3 1 0
sigs.k8s.io/node-feature-discovery/source/usb/usb.go:148.2,152.12 3 0
sigs.k8s.io/node-feature-discovery/source/usb/usb.go:156.57,157.23 1 1
sigs.k8s.io/node-feature-discovery/source/usb/usb.go:157.23,159.3 1 1
sigs.k8s.io/node-feature-discovery/source/usb/usb.go:160.2,160.19 1 1
sigs.k8s.io/node-feature-discovery/source/usb/usb.go:163.13,165.2 1 1
sigs.k8s.io/node-feature-discovery/source/usb/utils.go:43.63,45.16 2 0
sigs.k8s.io/node-feature-discovery/source/usb/utils.go:45.16,47.3 1 0
sigs.k8s.io/node-feature-discovery/source/usb/utils.go:49.2,51.21 2 0
sigs.k8s.io/node-feature-discovery/source/usb/utils.go:56.78,58.2 1 0
sigs.k8s.io/node-feature-discovery/source/usb/utils.go:61.76,65.32 3 0
sigs.k8s.io/node-feature-discovery/source/usb/utils.go:65.32,67.23 2 0
sigs.k8s.io/node-feature-discovery/source/usb/utils.go:67.23,69.4 1 0
sigs.k8s.io/node-feature-discovery/source/usb/utils.go:74.2,74.28 1 0
sigs.k8s.io/node-feature-discovery/source/usb/utils.go:74.28,76.3 1 0
sigs.k8s.io/node-feature-discovery/source/usb/utils.go:76.8,79.17 2 0
sigs.k8s.io/node-feature-discovery/source/usb/utils.go:79.17,81.4 1 0
sigs.k8s.io/node-feature-discovery/source/usb/utils.go:85.3,85.35 1 0
sigs.k8s.io/node-feature-discovery/source/usb/utils.go:85.35,88.18 2 0
sigs.k8s.io/node-feature-discovery/source/usb/utils.go:88.18,90.5 1 0
sigs.k8s.io/node-feature-discovery/source/usb/utils.go:92.4,93.28 2 0
sigs.k8s.io/node-feature-discovery/source/usb/utils.go:93.28,95.5 1 0
sigs.k8s.io/node-feature-discovery/source/usb/utils.go:96.4,98.79 2 0
sigs.k8s.io/node-feature-discovery/source/usb/utils.go:102.2,102.23 1 0
sigs.k8s.io/node-feature-discovery/source/usb/utils.go:106.57,112.16 3 0
sigs.k8s.io/node-feature-discovery/source/usb/utils.go:112.16,114.3 1 0
sigs.k8s.io/node-feature-discovery/source/usb/utils.go:117.2,118.35 2 0
sigs.k8s.io/node-feature-discovery/source/usb/utils.go:118.35,120.17 2 0
sigs.k8s.io/node-feature-discovery/source/usb/utils.go:120.17,122.12 2 0
sigs.k8s.io/node-feature-discovery/source/usb/utils.go:125.3,125.37 1 0
sigs.k8s.io/node-feature-discovery/source/usb/utils.go:128.2,128.21 1 0
